Started GET "/" for ::1 at 2020-10-08 16:36:51 -0700
DEPRECATION WARNING: ActiveRecord::Base.raise_in_transactional_callbacks= is deprecated, has no effect and will be removed without replacement. (called from block (3 levels) in <class:Railtie> at /Users/carlosgarciajr/.rbenv/versions/2.5.1/lib/ruby/gems/2.5.0/gems/activerecord-5.0.7.2/lib/active_record/railtie.rb:113)
Processing by StaticPagesController#index as HTML
  Rendering static_pages/index.html.erb within layouts/application
  Rendered shared/_main_nav.html.erb (0.3ms)
  Rendered shared/_masthead.html.erb (0.2ms)
  Rendered shared/_sections_nav.html.erb (0.2ms)
  Rendered shared/_search_modal.html.erb (0.2ms)
  Rendered shared/_main_content.html.erb (0.2ms)
  Rendered static_pages/index.html.erb within layouts/application (15.2ms)
Completed 200 OK in 362ms (Views: 358.9ms | ActiveRecord: 0.0ms)


Started GET "/assets/application.self-5e5b219656abf8c4e83f7dfd5e5f4f415d8fe2348d16620303a4ed96d1b5a144.css?body=1" for ::1 at 2020-10-08 16:36:52 -0700
Started GET "/" for ::1 at 2020-10-08 16:36:53 -0700
Processing by StaticPagesController#index as HTML
  Rendering static_pages/index.html.erb within layouts/application
  Rendered shared/_main_nav.html.erb (0.2ms)
  Rendered shared/_masthead.html.erb (0.2ms)
  Rendered shared/_sections_nav.html.erb (0.2ms)
  Rendered shared/_search_modal.html.erb (0.2ms)
  Rendered shared/_main_content.html.erb (0.1ms)
  Rendered static_pages/index.html.erb within layouts/application (13.2ms)
Completed 200 OK in 29ms (Views: 26.9ms | ActiveRecord: 0.0ms)


Started GET "/" for ::1 at 2020-10-08 16:37:17 -0700
Processing by StaticPagesController#index as HTML
  Rendering static_pages/index.html.erb within layouts/application
  Rendered shared/_main_nav.html.erb (0.2ms)
  Rendered shared/_masthead.html.erb (0.2ms)
  Rendered shared/_sections_nav.html.erb (0.2ms)
  Rendered shared/_search_modal.html.erb (0.2ms)
  Rendered shared/_main_content.html.erb (0.2ms)
  Rendered static_pages/index.html.erb within layouts/application (14.6ms)
Completed 200 OK in 35ms (Views: 31.8ms | ActiveRecord: 0.0ms)


Started GET "/" for ::1 at 2020-10-08 16:37:20 -0700
Processing by StaticPagesController#index as HTML
  Rendering static_pages/index.html.erb within layouts/application
  Rendered shared/_main_nav.html.erb (0.2ms)
  Rendered shared/_masthead.html.erb (0.2ms)
  Rendered shared/_sections_nav.html.erb (0.2ms)
  Rendered shared/_search_modal.html.erb (0.2ms)
  Rendered shared/_main_content.html.erb (0.2ms)
  Rendered static_pages/index.html.erb within layouts/application (12.8ms)
Completed 200 OK in 30ms (Views: 27.7ms | ActiveRecord: 0.0ms)


Started GET "/" for ::1 at 2020-10-09 09:59:50 -0700
DEPRECATION WARNING: ActiveRecord::Base.raise_in_transactional_callbacks= is deprecated, has no effect and will be removed without replacement. (called from block (3 levels) in <class:Railtie> at /Users/carlosgarciajr/.rbenv/versions/2.5.1/lib/ruby/gems/2.5.0/gems/activerecord-5.0.7.2/lib/active_record/railtie.rb:113)
Processing by StaticPagesController#index as HTML
  Rendering static_pages/index.html.erb within layouts/application
  Rendered shared/_main_nav.html.erb (0.3ms)
  Rendered shared/_masthead.html.erb (0.2ms)
  Rendered shared/_sections_nav.html.erb (0.2ms)
  Rendered shared/_search_modal.html.erb (0.2ms)
  Rendered shared/_main_content.html.erb (0.2ms)
  Rendered static_pages/index.html.erb within layouts/application (15.4ms)
Completed 200 OK in 353ms (Views: 350.1ms | ActiveRecord: 0.0ms)


Started GET "/assets/application.self-7aae4f884d21c0f895d0e25909b4a3857ca3f7bdd4412baf28bf32a8b1f558b1.css?body=1" for ::1 at 2020-10-09 09:59:51 -0700
Started GET "/" for ::1 at 2020-10-09 10:00:16 -0700
Processing by StaticPagesController#index as HTML
  Rendering static_pages/index.html.erb within layouts/application
  Rendered shared/_main_nav.html.erb (0.2ms)
  Rendered shared/_masthead.html.erb (0.2ms)
  Rendered shared/_sections_nav.html.erb (0.1ms)
  Rendered shared/_search_modal.html.erb (0.2ms)
  Rendered shared/_main_content.html.erb (0.4ms)
  Rendered static_pages/index.html.erb within layouts/application (12.9ms)
Completed 200 OK in 34ms (Views: 30.5ms | ActiveRecord: 0.0ms)


Started GET "/assets/new_office.jpg" for ::1 at 2020-10-09 10:00:16 -0700
Started GET "/" for ::1 at 2020-10-09 10:03:51 -0700
Processing by StaticPagesController#index as HTML
  Rendering static_pages/index.html.erb within layouts/application
  Rendered shared/_main_nav.html.erb (0.2ms)
  Rendered shared/_masthead.html.erb (0.2ms)
  Rendered shared/_sections_nav.html.erb (0.3ms)
  Rendered shared/_search_modal.html.erb (0.2ms)
  Rendered shared/_main_content.html.erb (0.3ms)
  Rendered static_pages/index.html.erb within layouts/application (13.1ms)
Completed 200 OK in 109ms (Views: 104.9ms | ActiveRecord: 0.0ms)


Started GET "/assets/application.self-e229079662ba64eec2df88cc9898f07a6b5005419aa37c928d3d684a6d58d3e4.css?body=1" for ::1 at 2020-10-09 10:03:51 -0700
Started GET "/assets/new_office.jpg" for ::1 at 2020-10-09 10:03:51 -0700
Started GET "/" for ::1 at 2020-10-12 13:48:14 -0700
DEPRECATION WARNING: ActiveRecord::Base.raise_in_transactional_callbacks= is deprecated, has no effect and will be removed without replacement. (called from block (3 levels) in <class:Railtie> at /Users/carlosgarciajr/.rbenv/versions/2.5.1/lib/ruby/gems/2.5.0/gems/activerecord-5.0.7.2/lib/active_record/railtie.rb:113)
Processing by StaticPagesController#index as HTML
  Rendering static_pages/index.html.erb within layouts/application
  Rendered shared/_main_nav.html.erb (0.2ms)
  Rendered shared/_masthead.html.erb (0.1ms)
  Rendered shared/_sections_nav.html.erb (0.1ms)
  Rendered shared/_search_modal.html.erb (0.2ms)
  Rendered shared/_main_content.html.erb (0.3ms)
  Rendered static_pages/index.html.erb within layouts/application (14.5ms)
Completed 500 Internal Server Error in 194ms (ActiveRecord: 0.0ms)



Sass::SyntaxError - File to import not found or unreadable: base/grid.scss.
Load paths:
  /Users/carlosgarciajr/Documents/programming/app_academy_work/curriculum/html-css/projects/aa_times/skeleton/app/assets/images
  /Users/carlosgarciajr/Documents/programming/app_academy_work/curriculum/html-css/projects/aa_times/skeleton/app/assets/javascripts
  /Users/carlosgarciajr/Documents/programming/app_academy_work/curriculum/html-css/projects/aa_times/skeleton/app/assets/stylesheets
  /Users/carlosgarciajr/Documents/programming/app_academy_work/curriculum/html-css/projects/aa_times/skeleton/vendor/assets/javascripts
  /Users/carlosgarciajr/Documents/programming/app_academy_work/curriculum/html-css/projects/aa_times/skeleton/vendor/assets/stylesheets
  /Users/carlosgarciajr/.rbenv/versions/2.5.1/lib/ruby/gems/2.5.0/gems/jquery-rails-4.4.0/vendor/assets/javascripts
  /Users/carlosgarciajr/.rbenv/versions/2.5.1/lib/ruby/gems/2.5.0/gems/coffee-rails-4.2.2/lib/assets/javascripts
  /Users/carlosgarciajr/.rbenv/versions/2.5.1/lib/ruby/gems/2.5.0/gems/actioncable-5.0.7.2/lib/assets/compiled:
  app/views/layouts/application.html.erb:7:in `_app_views_layouts_application_html_erb___270333905406359367_70279989431840'

Started POST "/__better_errors/927a171e4587d656/variables" for ::1 at 2020-10-12 13:48:14 -0700
Started GET "/" for ::1 at 2020-10-12 13:48:41 -0700
Processing by StaticPagesController#index as HTML
  Rendering static_pages/index.html.erb within layouts/application
  Rendered shared/_main_nav.html.erb (0.2ms)
  Rendered shared/_masthead.html.erb (0.1ms)
  Rendered shared/_sections_nav.html.erb (0.3ms)
  Rendered shared/_search_modal.html.erb (0.3ms)
  Rendered shared/_main_content.html.erb (0.2ms)
  Rendered static_pages/index.html.erb within layouts/application (12.8ms)
Completed 200 OK in 110ms (Views: 107.4ms | ActiveRecord: 0.0ms)


Started GET "/assets/application.self-1237ad35a9ee79bd64030d4638d1fd80f6734c490eb538e0dd01d7af3c16bf40.css?body=1" for ::1 at 2020-10-12 13:48:41 -0700
Started GET "/" for ::1 at 2020-10-12 13:48:43 -0700
Processing by StaticPagesController#index as HTML
  Rendering static_pages/index.html.erb within layouts/application
  Rendered shared/_main_nav.html.erb (0.2ms)
  Rendered shared/_masthead.html.erb (0.2ms)
  Rendered shared/_sections_nav.html.erb (0.2ms)
  Rendered shared/_search_modal.html.erb (0.2ms)
  Rendered shared/_main_content.html.erb (0.2ms)
  Rendered static_pages/index.html.erb within layouts/application (13.1ms)
Completed 200 OK in 33ms (Views: 29.9ms | ActiveRecord: 0.0ms)


Started GET "/" for ::1 at 2020-10-12 13:55:52 -0700
DEPRECATION WARNING: ActiveRecord::Base.raise_in_transactional_callbacks= is deprecated, has no effect and will be removed without replacement. (called from block (3 levels) in <class:Railtie> at /Users/carlosgarciajr/.rbenv/versions/2.5.1/lib/ruby/gems/2.5.0/gems/activerecord-5.0.7.2/lib/active_record/railtie.rb:113)
Processing by StaticPagesController#index as HTML
  Rendering static_pages/index.html.erb within layouts/application
  Rendered shared/_main_nav.html.erb (0.2ms)
  Rendered shared/_masthead.html.erb (0.1ms)
  Rendered shared/_sections_nav.html.erb (0.3ms)
  Rendered shared/_search_modal.html.erb (0.2ms)
  Rendered shared/_main_content.html.erb (0.3ms)
  Rendered static_pages/index.html.erb within layouts/application (14.6ms)
Completed 200 OK in 257ms (Views: 254.8ms | ActiveRecord: 0.0ms)


Started GET "/assets/application.self-758afe40c177e32f890a8b8e23f11571b5d1785af915c0789bd6a19191afc6ab.css?body=1" for ::1 at 2020-10-12 13:55:52 -0700
Started GET "/assets/new_office.jpg" for ::1 at 2020-10-12 13:55:52 -0700
Started GET "/" for ::1 at 2020-10-12 13:56:32 -0700
Processing by StaticPagesController#index as HTML
  Rendering static_pages/index.html.erb within layouts/application
  Rendered shared/_main_nav.html.erb (0.1ms)
  Rendered shared/_masthead.html.erb (0.2ms)
  Rendered shared/_sections_nav.html.erb (0.1ms)
  Rendered shared/_search_modal.html.erb (0.3ms)
  Rendered shared/_main_content.html.erb (0.3ms)
  Rendered static_pages/index.html.erb within layouts/application (12.3ms)
Completed 200 OK in 75ms (Views: 72.8ms | ActiveRecord: 0.0ms)


Started GET "/assets/application.self-e229079662ba64eec2df88cc9898f07a6b5005419aa37c928d3d684a6d58d3e4.css?body=1" for ::1 at 2020-10-12 13:56:32 -0700
Started GET "/assets/new_office.jpg" for ::1 at 2020-10-12 13:56:32 -0700
Started GET "/" for ::1 at 2020-10-12 13:56:33 -0700
Processing by StaticPagesController#index as HTML
  Rendering static_pages/index.html.erb within layouts/application
  Rendered shared/_main_nav.html.erb (0.2ms)
  Rendered shared/_masthead.html.erb (0.2ms)
  Rendered shared/_sections_nav.html.erb (0.2ms)
  Rendered shared/_search_modal.html.erb (0.2ms)
  Rendered shared/_main_content.html.erb (0.2ms)
  Rendered static_pages/index.html.erb within layouts/application (12.9ms)
Completed 200 OK in 34ms (Views: 31.3ms | ActiveRecord: 0.0ms)


Started GET "/assets/new_office.jpg" for ::1 at 2020-10-12 13:56:33 -0700
Started GET "/" for ::1 at 2020-10-12 13:57:15 -0700
Processing by StaticPagesController#index as HTML
  Rendering static_pages/index.html.erb within layouts/application
  Rendered shared/_main_nav.html.erb (0.2ms)
  Rendered shared/_masthead.html.erb (0.2ms)
  Rendered shared/_sections_nav.html.erb (0.2ms)
  Rendered shared/_search_modal.html.erb (0.2ms)
  Rendered shared/_main_content.html.erb (0.3ms)
  Rendered static_pages/index.html.erb within layouts/application (12.6ms)
Completed 200 OK in 92ms (Views: 88.2ms | ActiveRecord: 0.0ms)


Started GET "/assets/application.self-7aae4f884d21c0f895d0e25909b4a3857ca3f7bdd4412baf28bf32a8b1f558b1.css?body=1" for ::1 at 2020-10-12 13:57:15 -0700
Started GET "/assets/new_office.jpg" for ::1 at 2020-10-12 13:57:15 -0700
Started GET "/cats" for ::1 at 2021-11-18 13:46:49 -0500
DEPRECATION WARNING: ActiveRecord::Base.raise_in_transactional_callbacks= is deprecated, has no effect and will be removed without replacement. (called from block (3 levels) in <class:Railtie> at /Users/visshal/.rbenv/versions/2.5.1/lib/ruby/gems/2.5.0/gems/activerecord-5.0.7.2/lib/active_record/railtie.rb:113)
  
ActionController::RoutingError (No route matches [GET] "/cats"):
  
actionpack (5.0.7.2) lib/action_dispatch/middleware/debug_exceptions.rb:53:in `call'
web-console (3.7.0) lib/web_console/middleware.rb:135:in `call_app'
web-console (3.7.0) lib/web_console/middleware.rb:30:in `block in call'
web-console (3.7.0) lib/web_console/middleware.rb:20:in `catch'
web-console (3.7.0) lib/web_console/middleware.rb:20:in `call'
actionpack (5.0.7.2) lib/action_dispatch/middleware/show_exceptions.rb:31:in `call'
railties (5.0.7.2) lib/rails/rack/logger.rb:36:in `call_app'
railties (5.0.7.2) lib/rails/rack/logger.rb:24:in `block in call'
activesupport (5.0.7.2) lib/active_support/tagged_logging.rb:69:in `block in tagged'
activesupport (5.0.7.2) lib/active_support/tagged_logging.rb:26:in `tagged'
activesupport (5.0.7.2) lib/active_support/tagged_logging.rb:69:in `tagged'
railties (5.0.7.2) lib/rails/rack/logger.rb:24:in `call'
actionpack (5.0.7.2) lib/action_dispatch/middleware/request_id.rb:24:in `call'
rack (2.2.3) lib/rack/method_override.rb:24:in `call'
rack (2.2.3) lib/rack/runtime.rb:22:in `call'
activesupport (5.0.7.2) lib/active_support/cache/strategy/local_cache_middleware.rb:28:in `call'
actionpack (5.0.7.2) lib/action_dispatch/middleware/executor.rb:12:in `call'
rack-livereload (0.3.17) lib/rack/livereload.rb:23:in `_call'
rack-livereload (0.3.17) lib/rack/livereload.rb:14:in `call'
actionpack (5.0.7.2) lib/action_dispatch/middleware/static.rb:136:in `call'
rack (2.2.3) lib/rack/sendfile.rb:110:in `call'
railties (5.0.7.2) lib/rails/engine.rb:522:in `call'
puma (3.12.6) lib/puma/configuration.rb:227:in `call'
puma (3.12.6) lib/puma/server.rb:706:in `handle_request'
puma (3.12.6) lib/puma/server.rb:476:in `process_client'
puma (3.12.6) lib/puma/server.rb:334:in `block in run'
puma (3.12.6) lib/puma/thread_pool.rb:135:in `block in spawn_thread'
  Rendering /Users/visshal/.rbenv/versions/2.5.1/lib/ruby/gems/2.5.0/gems/actionpack-5.0.7.2/lib/action_dispatch/middleware/templates/rescues/routing_error.html.erb within rescues/layout
  Rendering /Users/visshal/.rbenv/versions/2.5.1/lib/ruby/gems/2.5.0/gems/actionpack-5.0.7.2/lib/action_dispatch/middleware/templates/rescues/_trace.html.erb
  Rendered /Users/visshal/.rbenv/versions/2.5.1/lib/ruby/gems/2.5.0/gems/actionpack-5.0.7.2/lib/action_dispatch/middleware/templates/rescues/_trace.html.erb (0.7ms)
  Rendered collection of /Users/visshal/.rbenv/versions/2.5.1/lib/ruby/gems/2.5.0/gems/actionpack-5.0.7.2/lib/action_dispatch/middleware/templates/routes/_route.html.erb [1 times] (5.6ms)
  Rendered /Users/visshal/.rbenv/versions/2.5.1/lib/ruby/gems/2.5.0/gems/actionpack-5.0.7.2/lib/action_dispatch/middleware/templates/routes/_table.html.erb (4.6ms)
  Rendering /Users/visshal/.rbenv/versions/2.5.1/lib/ruby/gems/2.5.0/gems/actionpack-5.0.7.2/lib/action_dispatch/middleware/templates/rescues/_request_and_response.html.erb
  Rendered /Users/visshal/.rbenv/versions/2.5.1/lib/ruby/gems/2.5.0/gems/actionpack-5.0.7.2/lib/action_dispatch/middleware/templates/rescues/_request_and_response.html.erb (5.0ms)
  Rendered /Users/visshal/.rbenv/versions/2.5.1/lib/ruby/gems/2.5.0/gems/actionpack-5.0.7.2/lib/action_dispatch/middleware/templates/rescues/routing_error.html.erb within rescues/layout (92.4ms)
Started GET "/" for ::1 at 2021-11-18 13:46:52 -0500
Processing by StaticPagesController#index as HTML
  Rendering static_pages/index.html.erb within layouts/application
  Rendered shared/_main_nav.html.erb (0.2ms)
  Rendered shared/_masthead.html.erb (0.2ms)
  Rendered shared/_sections_nav.html.erb (0.1ms)
  Rendered shared/_search_modal.html.erb (0.1ms)
  Rendered shared/_main_content.html.erb (0.1ms)
  Rendered static_pages/index.html.erb within layouts/application (9.4ms)
Completed 200 OK in 236ms (Views: 233.5ms | ActiveRecord: 0.0ms)


Started GET "/assets/components/sidebar.self-2a1277f850a6fa21e1a974ef5152f177ac05516477d5081d593bb137b3d6808b.js?body=1" for ::1 at 2021-11-18 13:46:52 -0500
Started GET "/assets/components/modal.self-52188644dbb47def5ee35ae02e69eb567ca9b664472357a8a5789dd39032a265.js?body=1" for ::1 at 2021-11-18 13:46:52 -0500
Started GET "/assets/application.self-f571b9db02bf4ed04c38a6a29072ac382f7d4f47db1fab9817aeadb0d8665235.js?body=1" for ::1 at 2021-11-18 13:46:52 -0500
Started GET "/assets/application.self-d2e5c43afcbdf56f6d8a07bab4c96c4ed44644e7e3f8afc9535b92215b563348.css?body=1" for ::1 at 2021-11-18 13:46:52 -0500
Started GET "/assets/jquery.self-bd7ddd393353a8d2480a622e80342adf488fb6006d667e8b42e4c0073393abee.js?body=1" for ::1 at 2021-11-18 13:46:52 -0500
Started GET "/assets/jquery_ujs.self-784a997f6726036b1993eb2217c9cb558e1cbb801c6da88105588c56f13b466a.js?body=1" for ::1 at 2021-11-18 13:46:52 -0500
Started GET "/assets/application.self-d2e5c43afcbdf56f6d8a07bab4c96c4ed44644e7e3f8afc9535b92215b563348.css?body=1&livereload=1637261780127" for ::1 at 2021-11-18 13:56:20 -0500
Started GET "/assets/application.self-d2e5c43afcbdf56f6d8a07bab4c96c4ed44644e7e3f8afc9535b92215b563348.css?body=1&livereload=1637261780125" for ::1 at 2021-11-18 13:56:20 -0500
Started GET "/assets/application.self-d2e5c43afcbdf56f6d8a07bab4c96c4ed44644e7e3f8afc9535b92215b563348.css?body=1&livereload=1637261782181" for ::1 at 2021-11-18 13:56:22 -0500
Started GET "/assets/application.self-d2e5c43afcbdf56f6d8a07bab4c96c4ed44644e7e3f8afc9535b92215b563348.css?body=1&livereload=1637261782183" for ::1 at 2021-11-18 13:56:22 -0500
Started GET "/assets/application.self-d2e5c43afcbdf56f6d8a07bab4c96c4ed44644e7e3f8afc9535b92215b563348.css?body=1&livereload=1637261786122" for ::1 at 2021-11-18 13:56:26 -0500
Started GET "/assets/application.self-d2e5c43afcbdf56f6d8a07bab4c96c4ed44644e7e3f8afc9535b92215b563348.css?body=1&livereload=1637261786123" for ::1 at 2021-11-18 13:56:26 -0500
Started GET "/assets/application.self-d2e5c43afcbdf56f6d8a07bab4c96c4ed44644e7e3f8afc9535b92215b563348.css?body=1&livereload=1637261796209" for ::1 at 2021-11-18 13:56:36 -0500
Started GET "/assets/application.self-d2e5c43afcbdf56f6d8a07bab4c96c4ed44644e7e3f8afc9535b92215b563348.css?body=1&livereload=1637261796211" for ::1 at 2021-11-18 13:56:36 -0500
Started GET "/assets/application.self-d2e5c43afcbdf56f6d8a07bab4c96c4ed44644e7e3f8afc9535b92215b563348.css?body=1&livereload=1637261798186" for ::1 at 2021-11-18 13:56:38 -0500
Started GET "/assets/application.self-d2e5c43afcbdf56f6d8a07bab4c96c4ed44644e7e3f8afc9535b92215b563348.css?body=1&livereload=1637261798188" for ::1 at 2021-11-18 13:56:38 -0500
Started GET "/assets/application.self-d2e5c43afcbdf56f6d8a07bab4c96c4ed44644e7e3f8afc9535b92215b563348.css?body=1&livereload=1637261802219" for ::1 at 2021-11-18 13:56:42 -0500
Started GET "/assets/application.self-d2e5c43afcbdf56f6d8a07bab4c96c4ed44644e7e3f8afc9535b92215b563348.css?body=1&livereload=1637261802220" for ::1 at 2021-11-18 13:56:42 -0500
Started GET "/assets/application.self-d2e5c43afcbdf56f6d8a07bab4c96c4ed44644e7e3f8afc9535b92215b563348.css?body=1&livereload=1637261806237" for ::1 at 2021-11-18 13:56:46 -0500
Started GET "/assets/application.self-d2e5c43afcbdf56f6d8a07bab4c96c4ed44644e7e3f8afc9535b92215b563348.css?body=1&livereload=1637261806238" for ::1 at 2021-11-18 13:56:46 -0500
Started GET "/assets/application.self-d2e5c43afcbdf56f6d8a07bab4c96c4ed44644e7e3f8afc9535b92215b563348.css?body=1&livereload=1637261807266" for ::1 at 2021-11-18 13:56:47 -0500
Started GET "/assets/application.self-d2e5c43afcbdf56f6d8a07bab4c96c4ed44644e7e3f8afc9535b92215b563348.css?body=1&livereload=1637261807267" for ::1 at 2021-11-18 13:56:47 -0500
Started GET "/assets/application.self-d2e5c43afcbdf56f6d8a07bab4c96c4ed44644e7e3f8afc9535b92215b563348.css?body=1&livereload=1637261809232" for ::1 at 2021-11-18 13:56:49 -0500
Started GET "/assets/application.self-d2e5c43afcbdf56f6d8a07bab4c96c4ed44644e7e3f8afc9535b92215b563348.css?body=1&livereload=1637261809233" for ::1 at 2021-11-18 13:56:49 -0500
Started GET "/assets/application.self-d2e5c43afcbdf56f6d8a07bab4c96c4ed44644e7e3f8afc9535b92215b563348.css?body=1&livereload=1637261818237" for ::1 at 2021-11-18 13:56:58 -0500
Started GET "/assets/application.self-d2e5c43afcbdf56f6d8a07bab4c96c4ed44644e7e3f8afc9535b92215b563348.css?body=1&livereload=1637261818238" for ::1 at 2021-11-18 13:56:58 -0500
Started GET "/assets/application.self-d2e5c43afcbdf56f6d8a07bab4c96c4ed44644e7e3f8afc9535b92215b563348.css?body=1&livereload=1637261820307" for ::1 at 2021-11-18 13:57:00 -0500
Started GET "/assets/application.self-d2e5c43afcbdf56f6d8a07bab4c96c4ed44644e7e3f8afc9535b92215b563348.css?body=1&livereload=1637261820308" for ::1 at 2021-11-18 13:57:00 -0500
Started GET "/assets/application.self-d2e5c43afcbdf56f6d8a07bab4c96c4ed44644e7e3f8afc9535b92215b563348.css?body=1&livereload=1637261822269" for ::1 at 2021-11-18 13:57:02 -0500
Started GET "/assets/application.self-d2e5c43afcbdf56f6d8a07bab4c96c4ed44644e7e3f8afc9535b92215b563348.css?body=1&livereload=1637261822271" for ::1 at 2021-11-18 13:57:02 -0500
Started GET "/assets/application.self-d2e5c43afcbdf56f6d8a07bab4c96c4ed44644e7e3f8afc9535b92215b563348.css?body=1&livereload=1637261825359" for ::1 at 2021-11-18 13:57:05 -0500
Started GET "/assets/application.self-d2e5c43afcbdf56f6d8a07bab4c96c4ed44644e7e3f8afc9535b92215b563348.css?body=1&livereload=1637261825360" for ::1 at 2021-11-18 13:57:05 -0500
Started GET "/assets/application.self-d2e5c43afcbdf56f6d8a07bab4c96c4ed44644e7e3f8afc9535b92215b563348.css?body=1&livereload=1637261837357" for ::1 at 2021-11-18 13:57:17 -0500
Started GET "/assets/application.self-d2e5c43afcbdf56f6d8a07bab4c96c4ed44644e7e3f8afc9535b92215b563348.css?body=1&livereload=1637261837358" for ::1 at 2021-11-18 13:57:17 -0500
Started GET "/assets/application.self-d2e5c43afcbdf56f6d8a07bab4c96c4ed44644e7e3f8afc9535b92215b563348.css?body=1&livereload=1637261848391" for ::1 at 2021-11-18 13:57:28 -0500
Started GET "/assets/application.self-d2e5c43afcbdf56f6d8a07bab4c96c4ed44644e7e3f8afc9535b92215b563348.css?body=1&livereload=1637261848389" for ::1 at 2021-11-18 13:57:28 -0500
Started GET "/assets/application.self-d2e5c43afcbdf56f6d8a07bab4c96c4ed44644e7e3f8afc9535b92215b563348.css?body=1&livereload=1637261851377" for ::1 at 2021-11-18 13:57:31 -0500
Started GET "/assets/application.self-d2e5c43afcbdf56f6d8a07bab4c96c4ed44644e7e3f8afc9535b92215b563348.css?body=1&livereload=1637261851378" for ::1 at 2021-11-18 13:57:31 -0500
Started GET "/assets/application.self-d2e5c43afcbdf56f6d8a07bab4c96c4ed44644e7e3f8afc9535b92215b563348.css?body=1&livereload=1637261855393" for ::1 at 2021-11-18 13:57:35 -0500
Started GET "/assets/application.self-d2e5c43afcbdf56f6d8a07bab4c96c4ed44644e7e3f8afc9535b92215b563348.css?body=1&livereload=1637261855394" for ::1 at 2021-11-18 13:57:35 -0500
Started GET "/assets/application.self-d2e5c43afcbdf56f6d8a07bab4c96c4ed44644e7e3f8afc9535b92215b563348.css?body=1&livereload=1637261860456" for ::1 at 2021-11-18 13:57:40 -0500
Started GET "/assets/application.self-d2e5c43afcbdf56f6d8a07bab4c96c4ed44644e7e3f8afc9535b92215b563348.css?body=1&livereload=1637261860458" for ::1 at 2021-11-18 13:57:40 -0500
Started GET "/assets/application.self-d2e5c43afcbdf56f6d8a07bab4c96c4ed44644e7e3f8afc9535b92215b563348.css?body=1&livereload=1637261875519" for ::1 at 2021-11-18 13:57:55 -0500
Started GET "/assets/application.self-d2e5c43afcbdf56f6d8a07bab4c96c4ed44644e7e3f8afc9535b92215b563348.css?body=1&livereload=1637261875519&livereload=1637261875519" for ::1 at 2021-11-18 13:57:55 -0500
Started GET "/assets/application.self-d2e5c43afcbdf56f6d8a07bab4c96c4ed44644e7e3f8afc9535b92215b563348.css?body=1&livereload=1637261876551&livereload=1637261875519" for ::1 at 2021-11-18 13:57:56 -0500
Started GET "/assets/application.self-d2e5c43afcbdf56f6d8a07bab4c96c4ed44644e7e3f8afc9535b92215b563348.css?body=1&livereload=1637261876552&livereload=1637261875519" for ::1 at 2021-11-18 13:57:56 -0500
Started GET "/assets/application.self-d2e5c43afcbdf56f6d8a07bab4c96c4ed44644e7e3f8afc9535b92215b563348.css?body=1&livereload=1637261879553&livereload=1637261875519" for ::1 at 2021-11-18 13:57:59 -0500
Started GET "/assets/application.self-d2e5c43afcbdf56f6d8a07bab4c96c4ed44644e7e3f8afc9535b92215b563348.css?body=1&livereload=1637261879554&livereload=1637261875519" for ::1 at 2021-11-18 13:57:59 -0500
Started GET "/assets/application.self-d2e5c43afcbdf56f6d8a07bab4c96c4ed44644e7e3f8afc9535b92215b563348.css?body=1&livereload=1637261881523&livereload=1637261875519" for ::1 at 2021-11-18 13:58:01 -0500
Started GET "/assets/application.self-d2e5c43afcbdf56f6d8a07bab4c96c4ed44644e7e3f8afc9535b92215b563348.css?body=1&livereload=1637261881525&livereload=1637261875519" for ::1 at 2021-11-18 13:58:01 -0500
Started GET "/assets/application.self-d2e5c43afcbdf56f6d8a07bab4c96c4ed44644e7e3f8afc9535b92215b563348.css?body=1&livereload=1637261885548&livereload=1637261875519" for ::1 at 2021-11-18 13:58:05 -0500
Started GET "/assets/application.self-d2e5c43afcbdf56f6d8a07bab4c96c4ed44644e7e3f8afc9535b92215b563348.css?body=1&livereload=1637261885550&livereload=1637261875519" for ::1 at 2021-11-18 13:58:05 -0500
Started GET "/assets/application.self-d2e5c43afcbdf56f6d8a07bab4c96c4ed44644e7e3f8afc9535b92215b563348.css?body=1&livereload=1637261890590&livereload=1637261875519" for ::1 at 2021-11-18 13:58:10 -0500
Started GET "/assets/application.self-d2e5c43afcbdf56f6d8a07bab4c96c4ed44644e7e3f8afc9535b92215b563348.css?body=1&livereload=1637261890591&livereload=1637261875519" for ::1 at 2021-11-18 13:58:10 -0500
Started GET "/assets/application.self-d2e5c43afcbdf56f6d8a07bab4c96c4ed44644e7e3f8afc9535b92215b563348.css?body=1&livereload=1637261891533&livereload=1637261875519" for ::1 at 2021-11-18 13:58:11 -0500
Started GET "/assets/application.self-d2e5c43afcbdf56f6d8a07bab4c96c4ed44644e7e3f8afc9535b92215b563348.css?body=1&livereload=1637261891534&livereload=1637261875519" for ::1 at 2021-11-18 13:58:11 -0500
Started GET "/assets/application.self-d2e5c43afcbdf56f6d8a07bab4c96c4ed44644e7e3f8afc9535b92215b563348.css?body=1&livereload=1637261940756&livereload=1637261875519" for ::1 at 2021-11-18 13:59:00 -0500
Started GET "/assets/application.self-d2e5c43afcbdf56f6d8a07bab4c96c4ed44644e7e3f8afc9535b92215b563348.css?body=1&livereload=1637261940758&livereload=1637261875519" for ::1 at 2021-11-18 13:59:00 -0500
Started GET "/assets/application.self-d2e5c43afcbdf56f6d8a07bab4c96c4ed44644e7e3f8afc9535b92215b563348.css?body=1&livereload=1637261948794&livereload=1637261875519" for ::1 at 2021-11-18 13:59:08 -0500
Started GET "/assets/application.self-d2e5c43afcbdf56f6d8a07bab4c96c4ed44644e7e3f8afc9535b92215b563348.css?body=1&livereload=1637261948795&livereload=1637261875519" for ::1 at 2021-11-18 13:59:08 -0500
Started GET "/assets/application.self-d2e5c43afcbdf56f6d8a07bab4c96c4ed44644e7e3f8afc9535b92215b563348.css?body=1&livereload=1637261957873&livereload=1637261875519" for ::1 at 2021-11-18 13:59:17 -0500
Started GET "/assets/application.self-d2e5c43afcbdf56f6d8a07bab4c96c4ed44644e7e3f8afc9535b92215b563348.css?body=1&livereload=1637261957874&livereload=1637261875519" for ::1 at 2021-11-18 13:59:17 -0500
Started GET "/assets/application.self-d2e5c43afcbdf56f6d8a07bab4c96c4ed44644e7e3f8afc9535b92215b563348.css?body=1&livereload=1637261974914&livereload=1637261875519" for ::1 at 2021-11-18 13:59:34 -0500
Started GET "/assets/application.self-d2e5c43afcbdf56f6d8a07bab4c96c4ed44644e7e3f8afc9535b92215b563348.css?body=1&livereload=1637261974915&livereload=1637261875519" for ::1 at 2021-11-18 13:59:34 -0500
Started GET "/assets/application.self-d2e5c43afcbdf56f6d8a07bab4c96c4ed44644e7e3f8afc9535b92215b563348.css?body=1&livereload=1637261977913&livereload=1637261875519" for ::1 at 2021-11-18 13:59:37 -0500
Started GET "/assets/application.self-d2e5c43afcbdf56f6d8a07bab4c96c4ed44644e7e3f8afc9535b92215b563348.css?body=1&livereload=1637261977914&livereload=1637261875519" for ::1 at 2021-11-18 13:59:37 -0500
Started GET "/assets/application.self-d2e5c43afcbdf56f6d8a07bab4c96c4ed44644e7e3f8afc9535b92215b563348.css?body=1&livereload=1637261981003&livereload=1637261875519" for ::1 at 2021-11-18 13:59:41 -0500
Started GET "/assets/application.self-d2e5c43afcbdf56f6d8a07bab4c96c4ed44644e7e3f8afc9535b92215b563348.css?body=1&livereload=1637261981004&livereload=1637261875519" for ::1 at 2021-11-18 13:59:41 -0500
Started GET "/assets/application.self-d2e5c43afcbdf56f6d8a07bab4c96c4ed44644e7e3f8afc9535b92215b563348.css?body=1&livereload=1637261982975&livereload=1637261875519" for ::1 at 2021-11-18 13:59:42 -0500
Started GET "/assets/application.self-d2e5c43afcbdf56f6d8a07bab4c96c4ed44644e7e3f8afc9535b92215b563348.css?body=1&livereload=1637261982976&livereload=1637261875519" for ::1 at 2021-11-18 13:59:42 -0500
Started GET "/assets/application.self-d2e5c43afcbdf56f6d8a07bab4c96c4ed44644e7e3f8afc9535b92215b563348.css?body=1&livereload=1637261986929&livereload=1637261875519" for ::1 at 2021-11-18 13:59:46 -0500
Started GET "/assets/application.self-d2e5c43afcbdf56f6d8a07bab4c96c4ed44644e7e3f8afc9535b92215b563348.css?body=1&livereload=1637261986930&livereload=1637261875519" for ::1 at 2021-11-18 13:59:46 -0500
Started GET "/assets/application.self-d2e5c43afcbdf56f6d8a07bab4c96c4ed44644e7e3f8afc9535b92215b563348.css?body=1&livereload=1637262005056&livereload=1637261875519" for ::1 at 2021-11-18 14:00:05 -0500
Started GET "/assets/application.self-d2e5c43afcbdf56f6d8a07bab4c96c4ed44644e7e3f8afc9535b92215b563348.css?body=1&livereload=1637262005058&livereload=1637261875519" for ::1 at 2021-11-18 14:00:05 -0500
Started GET "/assets/application.self-d2e5c43afcbdf56f6d8a07bab4c96c4ed44644e7e3f8afc9535b92215b563348.css?body=1&livereload=1637262011076&livereload=1637261875519" for ::1 at 2021-11-18 14:00:11 -0500
Started GET "/assets/application.self-d2e5c43afcbdf56f6d8a07bab4c96c4ed44644e7e3f8afc9535b92215b563348.css?body=1&livereload=1637262011077&livereload=1637261875519" for ::1 at 2021-11-18 14:00:11 -0500
Started GET "/" for ::1 at 2021-11-18 14:03:17 -0500
DEPRECATION WARNING: ActiveRecord::Base.raise_in_transactional_callbacks= is deprecated, has no effect and will be removed without replacement. (called from block (3 levels) in <class:Railtie> at /Users/visshal/.rbenv/versions/2.5.1/lib/ruby/gems/2.5.0/gems/activerecord-5.0.7.2/lib/active_record/railtie.rb:113)
Processing by StaticPagesController#index as HTML
  Rendering static_pages/index.html.erb within layouts/application
  Rendered shared/_main_nav.html.erb (0.1ms)
  Rendered shared/_masthead.html.erb (0.1ms)
  Rendered shared/_sections_nav.html.erb (0.1ms)
  Rendered shared/_search_modal.html.erb (0.1ms)
  Rendered shared/_main_content.html.erb (0.2ms)
  Rendered static_pages/index.html.erb within layouts/application (7.9ms)
Completed 200 OK in 162ms (Views: 160.4ms | ActiveRecord: 0.0ms)


Started GET "/assets/application.self-6b17d33c1ea96b3e32731b18e49769b3f874b81f6e75124f91570d1ef8abcd61.css?body=1" for ::1 at 2021-11-18 14:03:17 -0500
Started GET "/" for ::1 at 2021-11-18 14:15:23 -0500
Processing by StaticPagesController#index as HTML
  Rendering static_pages/index.html.erb within layouts/application
  Rendered shared/_main_nav.html.erb (0.6ms)
  Rendered shared/_masthead.html.erb (0.4ms)
  Rendered shared/_sections_nav.html.erb (0.3ms)
  Rendered shared/_search_modal.html.erb (0.3ms)
  Rendered shared/_main_content.html.erb (0.4ms)
  Rendered static_pages/index.html.erb within layouts/application (20.9ms)
Completed 200 OK in 87ms (Views: 82.4ms | ActiveRecord: 0.0ms)


Started GET "/assets/application.self-ba5f76608155e2b5c207819daf5921df7bfd71f1a06cf3e137f4264077946435.css?body=1" for ::1 at 2021-11-18 14:15:24 -0500
Started GET "/" for ::1 at 2021-11-18 14:52:21 -0500
Processing by StaticPagesController#index as HTML
  Rendering static_pages/index.html.erb within layouts/application
  Rendered shared/_main_nav.html.erb (0.5ms)
  Rendered shared/_masthead.html.erb (0.4ms)
  Rendered shared/_sections_nav.html.erb (0.3ms)
  Rendered shared/_search_modal.html.erb (0.3ms)
  Rendered shared/_main_content.html.erb (0.3ms)
  Rendered static_pages/index.html.erb within layouts/application (18.0ms)
Completed 200 OK in 50ms (Views: 44.7ms | ActiveRecord: 0.0ms)


Started GET "/" for ::1 at 2021-11-18 14:53:09 -0500
Processing by StaticPagesController#index as HTML
  Rendering static_pages/index.html.erb within layouts/application
  Rendered shared/_gear_dropdown.html.erb (0.5ms)
  Rendered shared/_main_nav.html.erb (5.5ms)
  Rendered shared/_masthead.html.erb (0.4ms)
  Rendered shared/_sections_nav.html.erb (0.4ms)
  Rendered shared/_search_modal.html.erb (0.3ms)
  Rendered shared/_main_content.html.erb (0.3ms)
  Rendered static_pages/index.html.erb within layouts/application (24.1ms)
Completed 200 OK in 52ms (Views: 46.6ms | ActiveRecord: 0.0ms)


Started GET "/" for ::1 at 2021-11-18 15:06:13 -0500
Processing by StaticPagesController#index as HTML
  Rendering static_pages/index.html.erb within layouts/application
  Rendered shared/_gear_dropdown.html.erb (0.4ms)
  Rendered shared/_main_nav.html.erb (4.7ms)
  Rendered shared/_masthead.html.erb (0.2ms)
  Rendered shared/_sections_nav.html.erb (0.2ms)
  Rendered shared/_search_modal.html.erb (0.2ms)
  Rendered shared/_main_content.html.erb (0.2ms)
  Rendered static_pages/index.html.erb within layouts/application (20.9ms)
Completed 200 OK in 98ms (Views: 93.4ms | ActiveRecord: 0.0ms)


Started GET "/assets/application.self-347cf095a6a3c956a99ec7028069fbd08aaec8e6ada91ac5187f8d4b6831edeb.css?body=1" for ::1 at 2021-11-18 15:06:14 -0500
Started GET "/" for ::1 at 2021-11-18 15:07:17 -0500
Processing by StaticPagesController#index as HTML
  Rendering static_pages/index.html.erb within layouts/application
  Rendered shared/_gear_dropdown.html.erb (0.1ms)
  Rendered shared/_main_nav.html.erb (1.9ms)
  Rendered shared/_masthead.html.erb (0.1ms)
  Rendered shared/_sections_nav.html.erb (0.1ms)
  Rendered shared/_search_modal.html.erb (0.3ms)
  Rendered shared/_main_content.html.erb (0.2ms)
  Rendered static_pages/index.html.erb within layouts/application (11.5ms)
Completed 200 OK in 29ms (Views: 26.7ms | ActiveRecord: 0.0ms)


Started GET "/" for ::1 at 2021-11-18 15:07:17 -0500
Processing by StaticPagesController#index as HTML
  Rendering static_pages/index.html.erb within layouts/application
  Rendered shared/_gear_dropdown.html.erb (0.5ms)
  Rendered shared/_main_nav.html.erb (4.9ms)
  Rendered shared/_masthead.html.erb (0.2ms)
  Rendered shared/_sections_nav.html.erb (0.4ms)
  Rendered shared/_search_modal.html.erb (0.4ms)
  Rendered shared/_main_content.html.erb (0.3ms)
  Rendered static_pages/index.html.erb within layouts/application (24.3ms)
Completed 200 OK in 54ms (Views: 50.2ms | ActiveRecord: 0.0ms)


Started GET "/" for ::1 at 2021-11-18 15:29:43 -0500
Processing by StaticPagesController#index as HTML
  Rendering static_pages/index.html.erb within layouts/application
  Rendered shared/_gear_dropdown.html.erb (0.4ms)
  Rendered shared/_main_nav.html.erb (4.2ms)
  Rendered shared/_masthead.html.erb (0.7ms)
  Rendered shared/_sections_nav.html.erb (0.3ms)
  Rendered shared/_search_modal.html.erb (0.2ms)
  Rendered shared/_main_content.html.erb (0.4ms)
  Rendered static_pages/index.html.erb within layouts/application (21.9ms)
Completed 200 OK in 52ms (Views: 47.4ms | ActiveRecord: 0.0ms)


Started GET "/assets/AA_Times_Logo.png" for ::1 at 2021-11-18 15:29:43 -0500
Started GET "/" for ::1 at 2021-11-18 15:32:48 -0500
Processing by StaticPagesController#index as HTML
  Rendering static_pages/index.html.erb within layouts/application
  Rendered shared/_gear_dropdown.html.erb (0.4ms)
  Rendered shared/_main_nav.html.erb (4.5ms)
  Rendered shared/_masthead.html.erb (0.4ms)
  Rendered shared/_sections_nav.html.erb (0.3ms)
  Rendered shared/_search_modal.html.erb (0.4ms)
  Rendered shared/_main_content.html.erb (1.0ms)
  Rendered static_pages/index.html.erb within layouts/application (22.3ms)
Completed 200 OK in 97ms (Views: 92.8ms | ActiveRecord: 0.0ms)


Started GET "/assets/application.self-cb7c611ab016dfd0f0d4742a35591a3a59e9a3e708ef45e60b185b2734cc87cb.css?body=1" for ::1 at 2021-11-18 15:32:48 -0500
Started GET "/assets/AA_Times_Logo.png" for ::1 at 2021-11-18 15:32:48 -0500
Started GET "/" for ::1 at 2021-11-18 15:33:40 -0500
Processing by StaticPagesController#index as HTML
  Rendering static_pages/index.html.erb within layouts/application
  Rendered shared/_gear_dropdown.html.erb (0.4ms)
  Rendered shared/_main_nav.html.erb (2.5ms)
  Rendered shared/_masthead.html.erb (0.2ms)
  Rendered shared/_sections_nav.html.erb (0.1ms)
  Rendered shared/_search_modal.html.erb (0.3ms)
  Rendered shared/_main_content.html.erb (0.8ms)
  Rendered static_pages/index.html.erb within layouts/application (16.1ms)
Completed 200 OK in 82ms (Views: 79.0ms | ActiveRecord: 0.0ms)


Started GET "/assets/application.self-40dc28743585438220b443a58f4b291971b356d9bbbdeb821077bdf55b58264f.css?body=1" for ::1 at 2021-11-18 15:33:40 -0500
Started GET "/assets/AA_Times_Logo.png" for ::1 at 2021-11-18 15:33:40 -0500
Started GET "/" for ::1 at 2021-11-18 15:33:41 -0500
Processing by StaticPagesController#index as HTML
  Rendering static_pages/index.html.erb within layouts/application
  Rendered shared/_gear_dropdown.html.erb (0.6ms)
  Rendered shared/_main_nav.html.erb (5.2ms)
  Rendered shared/_masthead.html.erb (0.4ms)
  Rendered shared/_sections_nav.html.erb (0.5ms)
  Rendered shared/_search_modal.html.erb (0.3ms)
  Rendered shared/_main_content.html.erb (0.3ms)
  Rendered static_pages/index.html.erb within layouts/application (23.5ms)
Completed 200 OK in 51ms (Views: 46.4ms | ActiveRecord: 0.0ms)


Started GET "/assets/AA_Times_Logo.png" for ::1 at 2021-11-18 15:33:41 -0500
Started GET "/" for ::1 at 2021-11-18 15:43:58 -0500
Processing by StaticPagesController#index as HTML
  Rendering static_pages/index.html.erb within layouts/application
  Rendered shared/_gear_dropdown.html.erb (0.3ms)
  Rendered shared/_main_nav.html.erb (4.3ms)
  Rendered shared/_masthead.html.erb (0.5ms)
  Rendered shared/_sections_nav.html.erb (0.3ms)
  Rendered shared/_search_modal.html.erb (0.2ms)
  Rendered shared/_main_content.html.erb (0.2ms)
  Rendered static_pages/index.html.erb within layouts/application (21.6ms)
Completed 200 OK in 57ms (Views: 50.5ms | ActiveRecord: 0.0ms)


Started GET "/assets/AA_Times_Logo.png" for ::1 at 2021-11-18 15:43:58 -0500
Started GET "/" for ::1 at 2021-11-18 16:02:00 -0500
Processing by StaticPagesController#index as HTML
  Rendering static_pages/index.html.erb within layouts/application
  Rendered shared/_gear_dropdown.html.erb (0.4ms)
  Rendered shared/_main_nav.html.erb (3.7ms)
  Rendered shared/_masthead.html.erb (0.5ms)
  Rendered shared/_sections_nav.html.erb (0.2ms)
  Rendered shared/_search_modal.html.erb (0.3ms)
  Rendered shared/_main_content.html.erb (0.3ms)
  Rendered static_pages/index.html.erb within layouts/application (19.1ms)
Completed 500 Internal Server Error in 95ms (ActiveRecord: 0.0ms)



Sass::SyntaxError - Undefined variable: "$sans-sherif".:
  app/views/layouts/application.html.erb:7:in `_app_views_layouts_application_html_erb___3521436301378470860_70266829314240'

Started POST "/__better_errors/79a4ef4364870870/variables" for ::1 at 2021-11-18 16:02:00 -0500
Started GET "/" for ::1 at 2021-11-18 16:03:26 -0500
Processing by StaticPagesController#index as HTML
  Rendering static_pages/index.html.erb within layouts/application
  Rendered shared/_gear_dropdown.html.erb (0.3ms)
  Rendered shared/_main_nav.html.erb (33.9ms)
  Rendered shared/_masthead.html.erb (0.4ms)
  Rendered shared/_sections_nav.html.erb (0.5ms)
  Rendered shared/_search_modal.html.erb (0.3ms)
  Rendered shared/_main_content.html.erb (0.2ms)
  Rendered static_pages/index.html.erb within layouts/application (47.8ms)
Completed 200 OK in 101ms (Views: 98.2ms | ActiveRecord: 0.0ms)


Started GET "/assets/application.self-27ade7172e3b6ffda2ecf14425b0599e0447ffe68c63c9a6c3bcb5646fb234a4.css?body=1" for ::1 at 2021-11-18 16:03:27 -0500
Started GET "/assets/AA_Times_Logo.png" for ::1 at 2021-11-18 16:03:27 -0500
Started GET "/" for ::1 at 2021-11-18 16:03:42 -0500
Processing by StaticPagesController#index as HTML
  Rendering static_pages/index.html.erb within layouts/application
  Rendered shared/_gear_dropdown.html.erb (0.3ms)
  Rendered shared/_main_nav.html.erb (2.8ms)
  Rendered shared/_masthead.html.erb (0.4ms)
  Rendered shared/_sections_nav.html.erb (0.3ms)
  Rendered shared/_search_modal.html.erb (0.2ms)
  Rendered shared/_main_content.html.erb (0.2ms)
  Rendered static_pages/index.html.erb within layouts/application (14.3ms)
Completed 200 OK in 60ms (Views: 57.7ms | ActiveRecord: 0.0ms)


Started GET "/assets/application.self-9dc4285a800e93de5d77fae777409a0f04f5af7658eb239f46cdf275e9c0eb16.css?body=1" for ::1 at 2021-11-18 16:03:42 -0500
Started GET "/assets/AA_Times_Logo.png" for ::1 at 2021-11-18 16:03:42 -0500
Started GET "/" for ::1 at 2021-11-18 16:03:43 -0500
Processing by StaticPagesController#index as HTML
  Rendering static_pages/index.html.erb within layouts/application
  Rendered shared/_gear_dropdown.html.erb (0.5ms)
  Rendered shared/_main_nav.html.erb (4.5ms)
  Rendered shared/_masthead.html.erb (0.4ms)
  Rendered shared/_sections_nav.html.erb (0.3ms)
  Rendered shared/_search_modal.html.erb (0.2ms)
  Rendered shared/_main_content.html.erb (0.2ms)
  Rendered static_pages/index.html.erb within layouts/application (20.6ms)
Completed 200 OK in 49ms (Views: 45.4ms | ActiveRecord: 0.0ms)


Started GET "/assets/AA_Times_Logo.png" for ::1 at 2021-11-18 16:03:43 -0500
Started GET "/" for ::1 at 2021-11-18 16:03:49 -0500
Processing by StaticPagesController#index as HTML
  Rendering static_pages/index.html.erb within layouts/application
  Rendered shared/_gear_dropdown.html.erb (0.2ms)
  Rendered shared/_main_nav.html.erb (2.4ms)
  Rendered shared/_masthead.html.erb (0.3ms)
  Rendered shared/_sections_nav.html.erb (0.2ms)
  Rendered shared/_search_modal.html.erb (0.1ms)
  Rendered shared/_main_content.html.erb (0.2ms)
  Rendered static_pages/index.html.erb within layouts/application (12.1ms)
Completed 200 OK in 59ms (Views: 56.7ms | ActiveRecord: 0.0ms)


Started GET "/assets/application.self-2c48bb8ae6bbd46d351f8cd9a307125979a7cae1b672b752e41c495ea33a8a31.css?body=1" for ::1 at 2021-11-18 16:03:49 -0500
Started GET "/assets/AA_Times_Logo.png" for ::1 at 2021-11-18 16:03:49 -0500
Started GET "/" for ::1 at 2021-11-18 16:05:28 -0500
Processing by StaticPagesController#index as HTML
  Rendering static_pages/index.html.erb within layouts/application
  Rendered shared/_gear_dropdown.html.erb (0.3ms)
  Rendered shared/_main_nav.html.erb (3.0ms)
  Rendered shared/_masthead.html.erb (0.5ms)
  Rendered shared/_sections_nav.html.erb (0.3ms)
  Rendered shared/_search_modal.html.erb (0.2ms)
  Rendered shared/_main_content.html.erb (0.3ms)
  Rendered static_pages/index.html.erb within layouts/application (32.1ms)
Completed 200 OK in 81ms (Views: 78.3ms | ActiveRecord: 0.0ms)


Started GET "/assets/application.self-47bd44cc0965b917d713180960cb9314c69e44321fa5eacc0a811c7400e46b48.css?body=1" for ::1 at 2021-11-18 16:05:28 -0500
Started GET "/assets/AA_Times_Logo.png" for ::1 at 2021-11-18 16:05:28 -0500
Started GET "/" for ::1 at 2021-11-18 16:06:34 -0500
Processing by StaticPagesController#index as HTML
  Rendering static_pages/index.html.erb within layouts/application
  Rendered shared/_gear_dropdown.html.erb (0.3ms)
  Rendered shared/_main_nav.html.erb (2.4ms)
  Rendered shared/_masthead.html.erb (0.2ms)
  Rendered shared/_sections_nav.html.erb (0.2ms)
  Rendered shared/_search_modal.html.erb (0.2ms)
  Rendered shared/_main_content.html.erb (0.2ms)
  Rendered static_pages/index.html.erb within layouts/application (10.8ms)
Completed 200 OK in 24ms (Views: 22.4ms | ActiveRecord: 0.0ms)


Started GET "/assets/AA_Times_Logo.png" for ::1 at 2021-11-18 16:06:34 -0500
Started GET "/" for ::1 at 2021-11-18 16:06:34 -0500
Processing by StaticPagesController#index as HTML
  Rendering static_pages/index.html.erb within layouts/application
  Rendered shared/_gear_dropdown.html.erb (0.4ms)
  Rendered shared/_main_nav.html.erb (4.6ms)
  Rendered shared/_masthead.html.erb (0.3ms)
  Rendered shared/_sections_nav.html.erb (0.2ms)
  Rendered shared/_search_modal.html.erb (0.4ms)
  Rendered shared/_main_content.html.erb (0.3ms)
  Rendered static_pages/index.html.erb within layouts/application (20.7ms)
Completed 200 OK in 52ms (Views: 42.4ms | ActiveRecord: 0.0ms)


Started GET "/assets/AA_Times_Logo.png" for ::1 at 2021-11-18 16:06:34 -0500
Started GET "/" for ::1 at 2021-11-18 16:07:46 -0500
Processing by StaticPagesController#index as HTML
  Rendering static_pages/index.html.erb within layouts/application
  Rendered shared/_gear_dropdown.html.erb (0.1ms)
  Rendered shared/_main_nav.html.erb (1.9ms)
  Rendered shared/_masthead.html.erb (0.2ms)
  Rendered shared/_sections_nav.html.erb (0.4ms)
  Rendered shared/_search_modal.html.erb (0.3ms)
  Rendered shared/_main_content.html.erb (0.2ms)
  Rendered static_pages/index.html.erb within layouts/application (11.8ms)
Completed 200 OK in 75ms (Views: 72.9ms | ActiveRecord: 0.0ms)


Started GET "/assets/application.self-fe1ebdd9e059b44cda8f1c9b075292bca36d4ee0708f5a27a0a220b3f2568619.css?body=1" for ::1 at 2021-11-18 16:07:46 -0500
Started GET "/assets/AA_Times_Logo.png" for ::1 at 2021-11-18 16:07:46 -0500
Started GET "/" for ::1 at 2021-11-18 16:07:56 -0500
Processing by StaticPagesController#index as HTML
  Rendering static_pages/index.html.erb within layouts/application
  Rendered shared/_gear_dropdown.html.erb (0.2ms)
  Rendered shared/_main_nav.html.erb (2.4ms)
  Rendered shared/_masthead.html.erb (0.2ms)
  Rendered shared/_sections_nav.html.erb (0.2ms)
  Rendered shared/_search_modal.html.erb (0.2ms)
  Rendered shared/_main_content.html.erb (0.3ms)
  Rendered static_pages/index.html.erb within layouts/application (13.4ms)
Completed 200 OK in 61ms (Views: 58.2ms | ActiveRecord: 0.0ms)


Started GET "/assets/application.self-6dba42a516862eaa538edf583bd087d82db658fe484cf3623aff8c86e6a8df27.css?body=1" for ::1 at 2021-11-18 16:07:56 -0500
Started GET "/assets/AA_Times_Logo.png" for ::1 at 2021-11-18 16:07:56 -0500
Started GET "/" for ::1 at 2021-11-18 16:08:01 -0500
Processing by StaticPagesController#index as HTML
  Rendering static_pages/index.html.erb within layouts/application
  Rendered shared/_gear_dropdown.html.erb (0.3ms)
  Rendered shared/_main_nav.html.erb (3.0ms)
  Rendered shared/_masthead.html.erb (0.2ms)
  Rendered shared/_sections_nav.html.erb (0.2ms)
  Rendered shared/_search_modal.html.erb (0.1ms)
  Rendered shared/_main_content.html.erb (0.2ms)
  Rendered static_pages/index.html.erb within layouts/application (14.1ms)
Completed 200 OK in 32ms (Views: 29.4ms | ActiveRecord: 0.0ms)


Started GET "/assets/AA_Times_Logo.png" for ::1 at 2021-11-18 16:08:01 -0500
Started GET "/" for ::1 at 2021-11-18 16:09:58 -0500
Processing by StaticPagesController#index as HTML
  Rendering static_pages/index.html.erb within layouts/application
  Rendered shared/_gear_dropdown.html.erb (0.3ms)
  Rendered shared/_main_nav.html.erb (2.3ms)
  Rendered shared/_masthead.html.erb (0.4ms)
  Rendered shared/_sections_nav.html.erb (0.2ms)
  Rendered shared/_search_modal.html.erb (0.1ms)
  Rendered shared/_main_content.html.erb (0.1ms)
  Rendered static_pages/index.html.erb within layouts/application (12.1ms)
Completed 200 OK in 27ms (Views: 24.6ms | ActiveRecord: 0.0ms)


Started GET "/assets/AA_Times_Logo.png" for ::1 at 2021-11-18 16:09:58 -0500
Started GET "/" for ::1 at 2021-11-18 16:10:21 -0500
Processing by StaticPagesController#index as HTML
  Rendering static_pages/index.html.erb within layouts/application
  Rendered shared/_gear_dropdown.html.erb (0.2ms)
  Rendered shared/_main_nav.html.erb (2.9ms)
  Rendered shared/_masthead.html.erb (0.4ms)
  Rendered shared/_sections_nav.html.erb (0.5ms)
  Rendered shared/_search_modal.html.erb (0.2ms)
  Rendered shared/_main_content.html.erb (0.2ms)
  Rendered static_pages/index.html.erb within layouts/application (18.6ms)
Completed 200 OK in 46ms (Views: 40.8ms | ActiveRecord: 0.0ms)


Started GET "/assets/AA_Times_Logo.png" for ::1 at 2021-11-18 16:10:21 -0500
Started GET "/" for ::1 at 2021-11-18 16:11:04 -0500
Processing by StaticPagesController#index as HTML
  Rendering static_pages/index.html.erb within layouts/application
  Rendered shared/_gear_dropdown.html.erb (0.5ms)
  Rendered shared/_main_nav.html.erb (5.7ms)
  Rendered shared/_masthead.html.erb (0.5ms)
  Rendered shared/_sections_nav.html.erb (0.5ms)
  Rendered shared/_search_modal.html.erb (0.3ms)
  Rendered shared/_main_content.html.erb (0.2ms)
  Rendered static_pages/index.html.erb within layouts/application (24.7ms)
Completed 200 OK in 56ms (Views: 51.2ms | ActiveRecord: 0.0ms)


Started GET "/assets/AA_Times_Logo.png" for ::1 at 2021-11-18 16:11:04 -0500
Started GET "/" for ::1 at 2021-11-18 16:13:02 -0500
Processing by StaticPagesController#index as HTML
  Rendering static_pages/index.html.erb within layouts/application
  Rendered shared/_gear_dropdown.html.erb (0.2ms)
  Rendered shared/_main_nav.html.erb (2.4ms)
  Rendered shared/_masthead.html.erb (0.3ms)
  Rendered shared/_sections_nav.html.erb (0.5ms)
  Rendered shared/_search_modal.html.erb (0.3ms)
  Rendered shared/_main_content.html.erb (0.3ms)
  Rendered static_pages/index.html.erb within layouts/application (14.0ms)
Completed 200 OK in 32ms (Views: 28.4ms | ActiveRecord: 0.0ms)


Started GET "/assets/AA_Times_Logo.png" for ::1 at 2021-11-18 16:13:02 -0500
Started GET "/" for ::1 at 2021-11-18 16:13:18 -0500
Processing by StaticPagesController#index as HTML
  Rendering static_pages/index.html.erb within layouts/application
  Rendered shared/_gear_dropdown.html.erb (0.5ms)
  Rendered shared/_main_nav.html.erb (4.3ms)
  Rendered shared/_masthead.html.erb (0.5ms)
  Rendered shared/_sections_nav.html.erb (0.4ms)
  Rendered shared/_search_modal.html.erb (0.4ms)
  Rendered shared/_main_content.html.erb (0.7ms)
  Rendered static_pages/index.html.erb within layouts/application (23.1ms)
Completed 200 OK in 57ms (Views: 51.3ms | ActiveRecord: 0.0ms)


Started GET "/assets/AA_Times_Logo.png" for ::1 at 2021-11-18 16:13:18 -0500
Started GET "/" for ::1 at 2021-11-18 16:14:30 -0500
Processing by StaticPagesController#index as HTML
  Rendering static_pages/index.html.erb within layouts/application
  Rendered shared/_main_nav.html.erb (0.6ms)
  Rendered shared/_masthead.html.erb (0.4ms)
  Rendered shared/_sections_nav.html.erb (0.3ms)
  Rendered shared/_search_modal.html.erb (0.4ms)
  Rendered shared/_main_content.html.erb (0.5ms)
  Rendered static_pages/index.html.erb within layouts/application (19.0ms)
Completed 200 OK in 53ms (Views: 48.5ms | ActiveRecord: 0.0ms)


Started GET "/assets/AA_Times_Logo.png" for ::1 at 2021-11-18 16:14:30 -0500
Started GET "/" for ::1 at 2021-11-18 16:15:20 -0500
Processing by StaticPagesController#index as HTML
  Rendering static_pages/index.html.erb within layouts/application
  Rendered shared/_gear_dropdown.html.erb (0.2ms)
  Rendered shared/_main_nav.html.erb (2.5ms)
  Rendered shared/_masthead.html.erb (0.3ms)
  Rendered shared/_sections_nav.html.erb (0.2ms)
  Rendered shared/_search_modal.html.erb (0.1ms)
  Rendered shared/_main_content.html.erb (0.5ms)
  Rendered static_pages/index.html.erb within layouts/application (14.1ms)
Completed 200 OK in 33ms (Views: 30.6ms | ActiveRecord: 0.0ms)


Started GET "/assets/AA_Times_Logo.png" for ::1 at 2021-11-18 16:15:20 -0500
Started GET "/" for ::1 at 2021-11-18 16:17:23 -0500
Processing by StaticPagesController#index as HTML
  Rendering static_pages/index.html.erb within layouts/application
  Rendered shared/_gear_dropdown.html.erb (0.2ms)
  Rendered shared/_main_nav.html.erb (2.1ms)
  Rendered shared/_masthead.html.erb (0.3ms)
  Rendered shared/_sections_nav.html.erb (0.3ms)
  Rendered shared/_search_modal.html.erb (0.2ms)
  Rendered shared/_main_content.html.erb (0.7ms)
  Rendered static_pages/index.html.erb within layouts/application (13.7ms)
Completed 200 OK in 73ms (Views: 70.8ms | ActiveRecord: 0.0ms)


Started GET "/assets/application.self-acfda3102874ad657bb7aad00361bead2c23ef3e731d75c2a8c2176faa54df7d.css?body=1" for ::1 at 2021-11-18 16:17:23 -0500
Started GET "/assets/AA_Times_Logo.png" for ::1 at 2021-11-18 16:17:23 -0500
Started GET "/" for ::1 at 2021-11-18 16:17:34 -0500
Processing by StaticPagesController#index as HTML
  Rendering static_pages/index.html.erb within layouts/application
  Rendered shared/_gear_dropdown.html.erb (0.2ms)
  Rendered shared/_main_nav.html.erb (2.6ms)
  Rendered shared/_masthead.html.erb (0.2ms)
  Rendered shared/_sections_nav.html.erb (0.2ms)
  Rendered shared/_search_modal.html.erb (0.1ms)
  Rendered shared/_main_content.html.erb (0.1ms)
  Rendered static_pages/index.html.erb within layouts/application (12.1ms)
Completed 200 OK in 63ms (Views: 60.4ms | ActiveRecord: 0.0ms)


Started GET "/assets/application.self-b7c4247c37c83b3eb30b970ec80d3836a0cafc228cd2703e6a54e2eb392c7438.css?body=1" for ::1 at 2021-11-18 16:17:34 -0500
Started GET "/assets/AA_Times_Logo.png" for ::1 at 2021-11-18 16:17:34 -0500
Started GET "/" for ::1 at 2021-11-18 16:17:55 -0500
Processing by StaticPagesController#index as HTML
  Rendering static_pages/index.html.erb within layouts/application
  Rendered shared/_gear_dropdown.html.erb (0.3ms)
  Rendered shared/_main_nav.html.erb (2.5ms)
  Rendered shared/_masthead.html.erb (0.3ms)
  Rendered shared/_sections_nav.html.erb (0.2ms)
  Rendered shared/_search_modal.html.erb (0.2ms)
  Rendered shared/_main_content.html.erb (0.2ms)
  Rendered static_pages/index.html.erb within layouts/application (11.6ms)
Completed 200 OK in 80ms (Views: 77.7ms | ActiveRecord: 0.0ms)


Started GET "/assets/application.self-75c40f3b9e6354b2b785a1499e2f0e8ab25503565d4b7fdb951037326c6e720b.css?body=1" for ::1 at 2021-11-18 16:17:55 -0500
Started GET "/assets/AA_Times_Logo.png" for ::1 at 2021-11-18 16:17:55 -0500
Started GET "/" for ::1 at 2021-11-18 16:18:26 -0500
Processing by StaticPagesController#index as HTML
  Rendering static_pages/index.html.erb within layouts/application
  Rendered shared/_gear_dropdown.html.erb (0.2ms)
  Rendered shared/_main_nav.html.erb (2.5ms)
  Rendered shared/_masthead.html.erb (0.2ms)
  Rendered shared/_sections_nav.html.erb (0.1ms)
  Rendered shared/_search_modal.html.erb (0.1ms)
  Rendered shared/_main_content.html.erb (0.2ms)
  Rendered static_pages/index.html.erb within layouts/application (11.8ms)
Completed 200 OK in 60ms (Views: 58.2ms | ActiveRecord: 0.0ms)


Started GET "/assets/application.self-58f845e3c86588ba9d8c7be7090a1c147393f2bf3ccde5a9ca3d48bebe618c84.css?body=1" for ::1 at 2021-11-18 16:18:26 -0500
Started GET "/assets/AA_Times_Logo.png" for ::1 at 2021-11-18 16:18:26 -0500
Started GET "/" for ::1 at 2021-11-18 16:18:36 -0500
Processing by StaticPagesController#index as HTML
  Rendering static_pages/index.html.erb within layouts/application
  Rendered shared/_gear_dropdown.html.erb (0.6ms)
  Rendered shared/_main_nav.html.erb (3.1ms)
  Rendered shared/_masthead.html.erb (0.3ms)
  Rendered shared/_sections_nav.html.erb (0.4ms)
  Rendered shared/_search_modal.html.erb (0.2ms)
  Rendered shared/_main_content.html.erb (0.2ms)
  Rendered static_pages/index.html.erb within layouts/application (14.0ms)
Completed 200 OK in 61ms (Views: 58.4ms | ActiveRecord: 0.0ms)


Started GET "/assets/application.self-149559da3207f444e9a0eeb0b41e21f62d79b2ac5cacd7c3d08396541e820c58.css?body=1" for ::1 at 2021-11-18 16:18:36 -0500
Started GET "/assets/AA_Times_Logo.png" for ::1 at 2021-11-18 16:18:36 -0500
Started GET "/" for ::1 at 2021-11-18 16:21:35 -0500
DEPRECATION WARNING: ActiveRecord::Base.raise_in_transactional_callbacks= is deprecated, has no effect and will be removed without replacement. (called from block (3 levels) in <class:Railtie> at /Users/visshal/.rbenv/versions/2.5.1/lib/ruby/gems/2.5.0/gems/activerecord-5.0.7.2/lib/active_record/railtie.rb:113)
Processing by StaticPagesController#index as HTML
  Rendering static_pages/index.html.erb within layouts/application
  Rendered shared/_gear_dropdown.html.erb (0.2ms)
  Rendered shared/_main_nav.html.erb (2.0ms)
  Rendered shared/_masthead.html.erb (0.2ms)
  Rendered shared/_sections_nav.html.erb (0.2ms)
  Rendered shared/_search_modal.html.erb (0.2ms)
  Rendered shared/_main_content.html.erb (0.1ms)
  Rendered static_pages/index.html.erb within layouts/application (11.7ms)
Completed 200 OK in 147ms (Views: 145.1ms | ActiveRecord: 0.0ms)


Started GET "/assets/AA_Times_Logo.png" for ::1 at 2021-11-18 16:21:35 -0500
Started GET "/" for ::1 at 2021-11-18 16:21:40 -0500
Processing by StaticPagesController#index as HTML
  Rendering static_pages/index.html.erb within layouts/application
  Rendered shared/_gear_dropdown.html.erb (0.5ms)
  Rendered shared/_main_nav.html.erb (4.8ms)
  Rendered shared/_masthead.html.erb (0.6ms)
  Rendered shared/_sections_nav.html.erb (0.3ms)
  Rendered shared/_search_modal.html.erb (0.3ms)
  Rendered shared/_main_content.html.erb (0.4ms)
  Rendered static_pages/index.html.erb within layouts/application (23.9ms)
Completed 200 OK in 51ms (Views: 47.3ms | ActiveRecord: 0.0ms)


Started GET "/assets/AA_Times_Logo.png" for ::1 at 2021-11-18 16:21:40 -0500
Started GET "/" for ::1 at 2021-11-18 16:21:50 -0500
Processing by StaticPagesController#index as HTML
  Rendering static_pages/index.html.erb within layouts/application
  Rendered shared/_gear_dropdown.html.erb (0.3ms)
  Rendered shared/_main_nav.html.erb (3.9ms)
  Rendered shared/_masthead.html.erb (0.4ms)
  Rendered shared/_sections_nav.html.erb (0.3ms)
  Rendered shared/_search_modal.html.erb (0.2ms)
  Rendered shared/_main_content.html.erb (0.4ms)
  Rendered static_pages/index.html.erb within layouts/application (21.9ms)
Completed 200 OK in 47ms (Views: 41.8ms | ActiveRecord: 0.0ms)


Started GET "/assets/AA_Times_Logo.png" for ::1 at 2021-11-18 16:21:50 -0500
Started GET "/" for ::1 at 2021-11-18 16:22:11 -0500
DEPRECATION WARNING: ActiveRecord::Base.raise_in_transactional_callbacks= is deprecated, has no effect and will be removed without replacement. (called from block (3 levels) in <class:Railtie> at /Users/visshal/.rbenv/versions/2.5.1/lib/ruby/gems/2.5.0/gems/activerecord-5.0.7.2/lib/active_record/railtie.rb:113)
Processing by StaticPagesController#index as HTML
  Rendering static_pages/index.html.erb within layouts/application
  Rendered shared/_gear_dropdown.html.erb (0.1ms)
  Rendered shared/_main_nav.html.erb (1.4ms)
  Rendered shared/_masthead.html.erb (0.2ms)
  Rendered shared/_sections_nav.html.erb (0.1ms)
  Rendered shared/_search_modal.html.erb (0.1ms)
  Rendered shared/_main_content.html.erb (0.1ms)
  Rendered static_pages/index.html.erb within layouts/application (8.7ms)
Completed 200 OK in 118ms (Views: 116.5ms | ActiveRecord: 0.0ms)


Started GET "/assets/AA_Times_Logo.png" for ::1 at 2021-11-18 16:22:11 -0500
Started GET "/" for ::1 at 2021-11-18 16:22:14 -0500
Processing by StaticPagesController#index as HTML
  Rendering static_pages/index.html.erb within layouts/application
  Rendered shared/_gear_dropdown.html.erb (0.5ms)
  Rendered shared/_main_nav.html.erb (4.5ms)
  Rendered shared/_masthead.html.erb (0.4ms)
  Rendered shared/_sections_nav.html.erb (0.3ms)
  Rendered shared/_search_modal.html.erb (0.3ms)
  Rendered shared/_main_content.html.erb (0.2ms)
  Rendered static_pages/index.html.erb within layouts/application (20.4ms)
Completed 200 OK in 47ms (Views: 43.7ms | ActiveRecord: 0.0ms)


Started GET "/assets/AA_Times_Logo.png" for ::1 at 2021-11-18 16:22:14 -0500
Started GET "/" for ::1 at 2021-11-18 16:22:59 -0500
Processing by StaticPagesController#index as HTML
  Rendering static_pages/index.html.erb within layouts/application
  Rendered shared/_gear_dropdown.html.erb (0.4ms)
  Rendered shared/_main_nav.html.erb (4.5ms)
  Rendered shared/_masthead.html.erb (0.5ms)
  Rendered shared/_sections_nav.html.erb (0.4ms)
  Rendered shared/_search_modal.html.erb (0.3ms)
  Rendered shared/_main_content.html.erb (0.3ms)
  Rendered static_pages/index.html.erb within layouts/application (23.1ms)
Completed 200 OK in 94ms (Views: 89.6ms | ActiveRecord: 0.0ms)


Started GET "/assets/application.self-887cd87ed4eed1ba246ced207785f4975dedaee0729f10898c843c7769abef65.css?body=1" for ::1 at 2021-11-18 16:22:59 -0500
Started GET "/assets/AA_Times_Logo.png" for ::1 at 2021-11-18 16:22:59 -0500
Started GET "/" for ::1 at 2021-11-18 16:24:36 -0500
Processing by StaticPagesController#index as HTML
  Rendering static_pages/index.html.erb within layouts/application
  Rendered shared/_gear_dropdown.html.erb (0.3ms)
  Rendered shared/_main_nav.html.erb (4.3ms)
  Rendered shared/_masthead.html.erb (0.4ms)
  Rendered shared/_sections_nav.html.erb (0.5ms)
  Rendered shared/_search_modal.html.erb (0.4ms)
  Rendered shared/_main_content.html.erb (0.3ms)
  Rendered static_pages/index.html.erb within layouts/application (23.4ms)
Completed 200 OK in 88ms (Views: 83.2ms | ActiveRecord: 0.0ms)


Started GET "/assets/application.self-a395499636cac4702ce539d23d6b5c8448849deba6d02197d6906f27869ab61b.css?body=1" for ::1 at 2021-11-18 16:24:36 -0500
Started GET "/assets/AA_Times_Logo.png" for ::1 at 2021-11-18 16:24:36 -0500
Started GET "/" for ::1 at 2021-11-18 16:26:01 -0500
Processing by StaticPagesController#index as HTML
  Rendering static_pages/index.html.erb within layouts/application
  Rendered shared/_gear_dropdown.html.erb (0.4ms)
  Rendered shared/_main_nav.html.erb (4.5ms)
  Rendered shared/_masthead.html.erb (0.5ms)
  Rendered shared/_sections_nav.html.erb (0.3ms)
  Rendered shared/_search_modal.html.erb (0.3ms)
  Rendered shared/_main_content.html.erb (0.2ms)
  Rendered static_pages/index.html.erb within layouts/application (25.0ms)
Completed 200 OK in 96ms (Views: 91.8ms | ActiveRecord: 0.0ms)


Started GET "/assets/application.self-9ffa09d165361468fe459e4ff7733059597067a2cc175bce9762acea6880a2e4.css?body=1" for ::1 at 2021-11-18 16:26:01 -0500
Started GET "/assets/AA_Times_Logo.png" for ::1 at 2021-11-18 16:26:01 -0500
Started GET "/" for ::1 at 2021-11-18 16:27:41 -0500
Processing by StaticPagesController#index as HTML
  Rendering static_pages/index.html.erb within layouts/application
  Rendered shared/_gear_dropdown.html.erb (0.2ms)
  Rendered shared/_main_nav.html.erb (1.8ms)
  Rendered shared/_masthead.html.erb (0.2ms)
  Rendered shared/_sections_nav.html.erb (0.1ms)
  Rendered shared/_search_modal.html.erb (0.1ms)
  Rendered shared/_main_content.html.erb (0.1ms)
  Rendered static_pages/index.html.erb within layouts/application (9.1ms)
Completed 200 OK in 78ms (Views: 76.1ms | ActiveRecord: 0.0ms)


Started GET "/assets/application.self-3a85fa888ab7334396013313984c70d4831bf74fd84e432bd69bbcfd33f1e354.css?body=1" for ::1 at 2021-11-18 16:27:41 -0500
Started GET "/assets/AA_Times_Logo.png" for ::1 at 2021-11-18 16:27:41 -0500
Started GET "/" for ::1 at 2021-11-18 16:27:46 -0500
Processing by StaticPagesController#index as HTML
  Rendering static_pages/index.html.erb within layouts/application
  Rendered shared/_gear_dropdown.html.erb (0.4ms)
  Rendered shared/_main_nav.html.erb (2.8ms)
  Rendered shared/_masthead.html.erb (0.3ms)
  Rendered shared/_sections_nav.html.erb (0.3ms)
  Rendered shared/_search_modal.html.erb (0.2ms)
  Rendered shared/_main_content.html.erb (0.2ms)
  Rendered static_pages/index.html.erb within layouts/application (14.1ms)
Completed 200 OK in 32ms (Views: 30.0ms | ActiveRecord: 0.0ms)


Started GET "/assets/AA_Times_Logo.png" for ::1 at 2021-11-18 16:27:46 -0500
Started GET "/" for ::1 at 2021-11-18 16:28:22 -0500
Processing by StaticPagesController#index as HTML
  Rendering static_pages/index.html.erb within layouts/application
  Rendered shared/_gear_dropdown.html.erb (0.3ms)
  Rendered shared/_main_nav.html.erb (15.3ms)
  Rendered shared/_masthead.html.erb (0.5ms)
  Rendered shared/_sections_nav.html.erb (0.2ms)
  Rendered shared/_search_modal.html.erb (0.2ms)
  Rendered shared/_main_content.html.erb (0.1ms)
  Rendered static_pages/index.html.erb within layouts/application (26.8ms)
Completed 200 OK in 87ms (Views: 84.8ms | ActiveRecord: 0.0ms)


Started GET "/assets/application.self-04b06305f4440fb8c2c292b9781ce3617b809cbe7f0295ede83bf0bc6a81a86b.css?body=1" for ::1 at 2021-11-18 16:28:22 -0500
Started GET "/assets/AA_Times_Logo.png" for ::1 at 2021-11-18 16:28:22 -0500
Started GET "/" for ::1 at 2021-11-18 16:28:36 -0500
Processing by StaticPagesController#index as HTML
  Rendering static_pages/index.html.erb within layouts/application
  Rendered shared/_gear_dropdown.html.erb (0.1ms)
  Rendered shared/_main_nav.html.erb (1.9ms)
  Rendered shared/_masthead.html.erb (0.2ms)
  Rendered shared/_sections_nav.html.erb (0.2ms)
  Rendered shared/_search_modal.html.erb (4.8ms)
  Rendered shared/_main_content.html.erb (0.2ms)
  Rendered static_pages/index.html.erb within layouts/application (15.0ms)
Completed 200 OK in 74ms (Views: 72.9ms | ActiveRecord: 0.0ms)


Started GET "/assets/application.self-eb1cc38eb35251b52d0975a89c7d42762875959e5233a96611d2e6ccb77f9a1a.css?body=1" for ::1 at 2021-11-18 16:28:36 -0500
Started GET "/assets/AA_Times_Logo.png" for ::1 at 2021-11-18 16:28:36 -0500
Started GET "/" for ::1 at 2021-11-18 16:28:44 -0500
Processing by StaticPagesController#index as HTML
  Rendering static_pages/index.html.erb within layouts/application
  Rendered shared/_gear_dropdown.html.erb (0.3ms)
  Rendered shared/_main_nav.html.erb (2.7ms)
  Rendered shared/_masthead.html.erb (0.2ms)
  Rendered shared/_sections_nav.html.erb (0.1ms)
  Rendered shared/_search_modal.html.erb (0.1ms)
  Rendered shared/_main_content.html.erb (0.1ms)
  Rendered static_pages/index.html.erb within layouts/application (11.7ms)
Completed 200 OK in 56ms (Views: 53.7ms | ActiveRecord: 0.0ms)


Started GET "/assets/application.self-2aa0d0f86ea3e58838b1c64467a02a5954c9f2fe44c6d06d17e1bd64b31e0019.css?body=1" for ::1 at 2021-11-18 16:28:44 -0500
Started GET "/assets/AA_Times_Logo.png" for ::1 at 2021-11-18 16:28:44 -0500
Started GET "/" for ::1 at 2021-11-18 16:28:52 -0500
Processing by StaticPagesController#index as HTML
  Rendering static_pages/index.html.erb within layouts/application
  Rendered shared/_gear_dropdown.html.erb (0.3ms)
  Rendered shared/_main_nav.html.erb (2.6ms)
  Rendered shared/_masthead.html.erb (0.2ms)
  Rendered shared/_sections_nav.html.erb (0.3ms)
  Rendered shared/_search_modal.html.erb (0.2ms)
  Rendered shared/_main_content.html.erb (0.1ms)
  Rendered static_pages/index.html.erb within layouts/application (12.4ms)
Completed 200 OK in 78ms (Views: 75.7ms | ActiveRecord: 0.0ms)


Started GET "/assets/application.self-7e8b36112f2ff7db07c62f889d79ef10f7005ac4be19008e0c3d18480e2376b5.css?body=1" for ::1 at 2021-11-18 16:28:53 -0500
Started GET "/assets/AA_Times_Logo.png" for ::1 at 2021-11-18 16:28:53 -0500
Started GET "/" for ::1 at 2021-11-18 16:29:37 -0500
Processing by StaticPagesController#index as HTML
  Rendering static_pages/index.html.erb within layouts/application
  Rendered shared/_main_nav.html.erb (0.3ms)
  Rendered shared/_masthead.html.erb (0.4ms)
  Rendered shared/_sections_nav.html.erb (0.4ms)
  Rendered shared/_search_modal.html.erb (4.0ms)
  Rendered shared/_main_content.html.erb (0.2ms)
  Rendered static_pages/index.html.erb within layouts/application (15.6ms)
Completed 200 OK in 31ms (Views: 29.4ms | ActiveRecord: 0.0ms)


Started GET "/assets/AA_Times_Logo.png" for ::1 at 2021-11-18 16:29:37 -0500
Started GET "/" for ::1 at 2021-11-18 16:29:59 -0500
Processing by StaticPagesController#index as HTML
  Rendering static_pages/index.html.erb within layouts/application
  Rendered shared/_main_nav.html.erb (0.1ms)
  Rendered shared/_masthead.html.erb (0.1ms)
  Rendered shared/_sections_nav.html.erb (0.1ms)
  Rendered shared/_search_modal.html.erb (0.1ms)
  Rendered shared/_main_content.html.erb (0.2ms)
  Rendered static_pages/index.html.erb within layouts/application (6.7ms)
Completed 200 OK in 17ms (Views: 15.5ms | ActiveRecord: 0.0ms)


Started GET "/assets/AA_Times_Logo.png" for ::1 at 2021-11-18 16:29:59 -0500
Started GET "/" for ::1 at 2021-11-18 16:30:16 -0500
Processing by StaticPagesController#index as HTML
  Rendering static_pages/index.html.erb within layouts/application
  Rendered shared/_gear_dropdown.html.erb (0.4ms)
  Rendered shared/_main_nav.html.erb (3.4ms)
  Rendered shared/_masthead.html.erb (0.3ms)
  Rendered shared/_sections_nav.html.erb (0.2ms)
  Rendered shared/_search_modal.html.erb (0.2ms)
  Rendered shared/_main_content.html.erb (0.3ms)
  Rendered static_pages/index.html.erb within layouts/application (33.3ms)
Completed 200 OK in 51ms (Views: 48.4ms | ActiveRecord: 0.0ms)


Started GET "/assets/AA_Times_Logo.png" for ::1 at 2021-11-18 16:30:16 -0500
Started GET "/" for ::1 at 2021-11-18 16:32:17 -0500
Processing by StaticPagesController#index as HTML
  Rendering static_pages/index.html.erb within layouts/application
  Rendered shared/_main_nav.html.erb (0.7ms)
  Rendered shared/_masthead.html.erb (0.5ms)
  Rendered shared/_sections_nav.html.erb (0.2ms)
  Rendered shared/_search_modal.html.erb (0.3ms)
  Rendered shared/_main_content.html.erb (0.2ms)
  Rendered static_pages/index.html.erb within layouts/application (17.6ms)
Completed 200 OK in 42ms (Views: 39.2ms | ActiveRecord: 0.0ms)


Started GET "/assets/AA_Times_Logo.png" for ::1 at 2021-11-18 16:32:17 -0500
Started GET "/" for ::1 at 2021-11-18 16:32:55 -0500
Processing by StaticPagesController#index as HTML
  Rendering static_pages/index.html.erb within layouts/application
  Rendered shared/_main_nav.html.erb (0.3ms)
  Rendered shared/_masthead.html.erb (0.2ms)
  Rendered shared/_sections_nav.html.erb (0.2ms)
  Rendered shared/_search_modal.html.erb (0.1ms)
  Rendered shared/_main_content.html.erb (0.3ms)
  Rendered static_pages/index.html.erb within layouts/application (10.2ms)
Completed 200 OK in 29ms (Views: 26.5ms | ActiveRecord: 0.0ms)


Started GET "/assets/AA_Times_Logo.png" for ::1 at 2021-11-18 16:32:55 -0500
Started GET "/" for ::1 at 2021-11-18 16:32:55 -0500
Processing by StaticPagesController#index as HTML
  Rendering static_pages/index.html.erb within layouts/application
  Rendered shared/_main_nav.html.erb (0.5ms)
  Rendered shared/_masthead.html.erb (0.4ms)
  Rendered shared/_sections_nav.html.erb (0.5ms)
  Rendered shared/_search_modal.html.erb (0.3ms)
  Rendered shared/_main_content.html.erb (0.4ms)
  Rendered static_pages/index.html.erb within layouts/application (19.8ms)
Completed 200 OK in 49ms (Views: 44.5ms | ActiveRecord: 0.0ms)


Started GET "/assets/AA_Times_Logo.png" for ::1 at 2021-11-18 16:32:55 -0500
Started GET "/" for ::1 at 2021-11-18 16:33:11 -0500
Processing by StaticPagesController#index as HTML
  Rendering static_pages/index.html.erb within layouts/application
  Rendered shared/_main_nav.html.erb (0.5ms)
  Rendered shared/_masthead.html.erb (0.5ms)
  Rendered shared/_sections_nav.html.erb (0.3ms)
  Rendered shared/_search_modal.html.erb (0.7ms)
  Rendered shared/_main_content.html.erb (0.4ms)
  Rendered static_pages/index.html.erb within layouts/application (20.1ms)
Completed 200 OK in 49ms (Views: 44.9ms | ActiveRecord: 0.0ms)


Started GET "/assets/AA_Times_Logo.png" for ::1 at 2021-11-18 16:33:11 -0500
Started GET "/" for ::1 at 2021-11-18 16:46:41 -0500
Processing by StaticPagesController#index as HTML
  Rendering static_pages/index.html.erb within layouts/application
  Rendered shared/_main_nav.html.erb (0.4ms)
  Rendered shared/_masthead.html.erb (0.3ms)
  Rendered shared/_sections_nav.html.erb (0.3ms)
  Rendered shared/_search_modal.html.erb (0.5ms)
  Rendered shared/_main_content.html.erb (0.4ms)
  Rendered static_pages/index.html.erb within layouts/application (13.8ms)
Completed 200 OK in 78ms (Views: 74.7ms | ActiveRecord: 0.0ms)


Started GET "/assets/application.self-69e2c2557676c0b5863697ce753efb27c104b8c2f12a6a867a17041953c120a0.css?body=1" for ::1 at 2021-11-18 16:46:42 -0500
Started GET "/assets/AA_Times_Logo.png" for ::1 at 2021-11-18 16:46:42 -0500
Started GET "/" for ::1 at 2021-11-18 16:49:21 -0500
Processing by StaticPagesController#index as HTML
  Rendering static_pages/index.html.erb within layouts/application
  Rendered shared/_main_nav.html.erb (0.3ms)
  Rendered shared/_masthead.html.erb (0.3ms)
  Rendered shared/_sections_nav.html.erb (0.2ms)
  Rendered shared/_search_modal.html.erb (0.2ms)
  Rendered shared/_main_content.html.erb (0.3ms)
  Rendered static_pages/index.html.erb within layouts/application (11.3ms)
Completed 200 OK in 92ms (Views: 89.6ms | ActiveRecord: 0.0ms)


Started GET "/assets/application.self-33911ba7ec7a6f58ee086eb4c40e800ef0b3eb655df699eccf2de85d484fc4e4.css?body=1" for ::1 at 2021-11-18 16:49:21 -0500
Started GET "/assets/AA_Times_Logo.png" for ::1 at 2021-11-18 16:49:21 -0500
Started GET "/" for ::1 at 2021-11-18 16:49:34 -0500
Processing by StaticPagesController#index as HTML
  Rendering static_pages/index.html.erb within layouts/application
  Rendered shared/_main_nav.html.erb (0.2ms)
  Rendered shared/_masthead.html.erb (0.2ms)
  Rendered shared/_sections_nav.html.erb (0.1ms)
  Rendered shared/_search_modal.html.erb (0.2ms)
  Rendered shared/_main_content.html.erb (0.1ms)
  Rendered static_pages/index.html.erb within layouts/application (8.8ms)
Completed 200 OK in 59ms (Views: 56.3ms | ActiveRecord: 0.0ms)


Started GET "/assets/application.self-286870700dd4fe766e0bc5a394e38b5dc81c85119b06a98ac1080a5b517a65f9.css?body=1" for ::1 at 2021-11-18 16:49:34 -0500
Started GET "/assets/AA_Times_Logo.png" for ::1 at 2021-11-18 16:49:34 -0500
Started GET "/" for ::1 at 2021-11-18 16:49:41 -0500
Processing by StaticPagesController#index as HTML
  Rendering static_pages/index.html.erb within layouts/application
  Rendered shared/_main_nav.html.erb (0.4ms)
  Rendered shared/_masthead.html.erb (0.4ms)
  Rendered shared/_sections_nav.html.erb (0.3ms)
  Rendered shared/_search_modal.html.erb (0.3ms)
  Rendered shared/_main_content.html.erb (0.2ms)
  Rendered static_pages/index.html.erb within layouts/application (15.4ms)
Completed 200 OK in 38ms (Views: 34.5ms | ActiveRecord: 0.0ms)


Started GET "/assets/AA_Times_Logo.png" for ::1 at 2021-11-18 16:49:41 -0500
Started GET "/" for ::1 at 2021-11-18 16:49:43 -0500
Processing by StaticPagesController#index as HTML
  Rendering static_pages/index.html.erb within layouts/application
  Rendered shared/_main_nav.html.erb (0.7ms)
  Rendered shared/_masthead.html.erb (0.4ms)
  Rendered shared/_sections_nav.html.erb (0.2ms)
  Rendered shared/_search_modal.html.erb (0.2ms)
  Rendered shared/_main_content.html.erb (0.4ms)
  Rendered static_pages/index.html.erb within layouts/application (18.7ms)
Completed 200 OK in 51ms (Views: 46.7ms | ActiveRecord: 0.0ms)


Started GET "/assets/AA_Times_Logo.png" for ::1 at 2021-11-18 16:49:43 -0500
Started GET "/" for ::1 at 2021-11-18 16:50:47 -0500
Processing by StaticPagesController#index as HTML
  Rendering static_pages/index.html.erb within layouts/application
  Rendered shared/_main_nav.html.erb (0.2ms)
  Rendered shared/_masthead.html.erb (0.2ms)
  Rendered shared/_sections_nav.html.erb (0.3ms)
  Rendered shared/_search_modal.html.erb (0.2ms)
  Rendered shared/_main_content.html.erb (0.4ms)
  Rendered static_pages/index.html.erb within layouts/application (10.2ms)
Completed 200 OK in 78ms (Views: 75.6ms | ActiveRecord: 0.0ms)


Started GET "/assets/application.self-7009620fc0a260a0b81f81c28545866b9af080f9245d0c0c04de6e41250dc2dd.css?body=1" for ::1 at 2021-11-18 16:50:47 -0500
Started GET "/assets/AA_Times_Logo.png" for ::1 at 2021-11-18 16:50:47 -0500
Started GET "/" for ::1 at 2021-11-18 16:50:47 -0500
Processing by StaticPagesController#index as HTML
  Rendering static_pages/index.html.erb within layouts/application
  Rendered shared/_main_nav.html.erb (0.6ms)
  Rendered shared/_masthead.html.erb (0.5ms)
  Rendered shared/_sections_nav.html.erb (0.3ms)
  Rendered shared/_search_modal.html.erb (0.3ms)
  Rendered shared/_main_content.html.erb (0.2ms)
  Rendered static_pages/index.html.erb within layouts/application (17.6ms)
Completed 200 OK in 49ms (Views: 45.1ms | ActiveRecord: 0.0ms)


Started GET "/assets/AA_Times_Logo.png" for ::1 at 2021-11-18 16:50:47 -0500
Started GET "/" for ::1 at 2021-11-18 16:51:00 -0500
Processing by StaticPagesController#index as HTML
  Rendering static_pages/index.html.erb within layouts/application
  Rendered shared/_main_nav.html.erb (0.4ms)
  Rendered shared/_masthead.html.erb (0.3ms)
  Rendered shared/_sections_nav.html.erb (0.1ms)
  Rendered shared/_search_modal.html.erb (0.1ms)
  Rendered shared/_main_content.html.erb (0.1ms)
  Rendered static_pages/index.html.erb within layouts/application (10.6ms)
Completed 200 OK in 25ms (Views: 23.2ms | ActiveRecord: 0.0ms)


Started GET "/assets/AA_Times_Logo.png" for ::1 at 2021-11-18 16:51:00 -0500
Started GET "/" for ::1 at 2021-11-18 16:52:06 -0500
Processing by StaticPagesController#index as HTML
  Rendering static_pages/index.html.erb within layouts/application
  Rendered shared/_main_nav.html.erb (0.3ms)
  Rendered shared/_masthead.html.erb (0.2ms)
  Rendered shared/_sections_nav.html.erb (0.1ms)
  Rendered shared/_search_modal.html.erb (0.1ms)
  Rendered shared/_main_content.html.erb (0.1ms)
  Rendered static_pages/index.html.erb within layouts/application (9.7ms)
Completed 200 OK in 59ms (Views: 57.1ms | ActiveRecord: 0.0ms)


Started GET "/assets/application.self-1d37617951e4bf41630e6efec7081f36a2a406402d980ae29e8b606584df1578.css?body=1" for ::1 at 2021-11-18 16:52:07 -0500
Started GET "/assets/AA_Times_Logo.png" for ::1 at 2021-11-18 16:52:07 -0500
Started GET "/" for ::1 at 2021-11-18 16:53:18 -0500
Processing by StaticPagesController#index as HTML
  Rendering static_pages/index.html.erb within layouts/application
  Rendered shared/_main_nav.html.erb (0.3ms)
  Rendered shared/_masthead.html.erb (0.2ms)
  Rendered shared/_sections_nav.html.erb (0.1ms)
  Rendered shared/_search_modal.html.erb (0.2ms)
  Rendered shared/_main_content.html.erb (0.1ms)
  Rendered static_pages/index.html.erb within layouts/application (9.6ms)
Completed 200 OK in 58ms (Views: 55.7ms | ActiveRecord: 0.0ms)


Started GET "/assets/application.self-fe4652d8a46645bcd45d07daf62a4dba3de1685f274ea2e4cdd56687f1997867.css?body=1" for ::1 at 2021-11-18 16:53:18 -0500
Started GET "/assets/AA_Times_Logo.png" for ::1 at 2021-11-18 16:53:18 -0500
Started GET "/" for ::1 at 2021-11-18 16:53:32 -0500
Processing by StaticPagesController#index as HTML
  Rendering static_pages/index.html.erb within layouts/application
  Rendered shared/_main_nav.html.erb (0.3ms)
  Rendered shared/_masthead.html.erb (0.3ms)
  Rendered shared/_sections_nav.html.erb (0.4ms)
  Rendered shared/_search_modal.html.erb (0.2ms)
  Rendered shared/_main_content.html.erb (0.1ms)
  Rendered static_pages/index.html.erb within layouts/application (9.5ms)
Completed 200 OK in 72ms (Views: 70.0ms | ActiveRecord: 0.0ms)


Started GET "/assets/application.self-9fa27d9c57b49405f798ee048e015f82fbea60ad9f766923103f2af79cbb5ab3.css?body=1" for ::1 at 2021-11-18 16:53:32 -0500
Started GET "/assets/AA_Times_Logo.png" for ::1 at 2021-11-18 16:53:32 -0500
Started GET "/" for ::1 at 2021-11-18 16:54:09 -0500
Processing by StaticPagesController#index as HTML
  Rendering static_pages/index.html.erb within layouts/application
  Rendered shared/_main_nav.html.erb (0.2ms)
  Rendered shared/_masthead.html.erb (0.2ms)
  Rendered shared/_sections_nav.html.erb (0.2ms)
  Rendered shared/_search_modal.html.erb (0.1ms)
  Rendered shared/_main_content.html.erb (0.3ms)
  Rendered static_pages/index.html.erb within layouts/application (7.9ms)
Completed 200 OK in 62ms (Views: 60.4ms | ActiveRecord: 0.0ms)


Started GET "/assets/application.self-c0029b0261ce48bd96ce9452128c985be189fd9d8c8054857d0f40f32b46ce55.css?body=1" for ::1 at 2021-11-18 16:54:09 -0500
Started GET "/assets/AA_Times_Logo.png" for ::1 at 2021-11-18 16:54:09 -0500
Started GET "/" for ::1 at 2021-11-18 16:54:10 -0500
Processing by StaticPagesController#index as HTML
  Rendering static_pages/index.html.erb within layouts/application
  Rendered shared/_main_nav.html.erb (0.5ms)
  Rendered shared/_masthead.html.erb (0.4ms)
  Rendered shared/_sections_nav.html.erb (0.4ms)
  Rendered shared/_search_modal.html.erb (0.3ms)
  Rendered shared/_main_content.html.erb (0.4ms)
  Rendered static_pages/index.html.erb within layouts/application (20.2ms)
Completed 200 OK in 49ms (Views: 45.1ms | ActiveRecord: 0.0ms)


Started GET "/assets/AA_Times_Logo.png" for ::1 at 2021-11-18 16:54:10 -0500
Started GET "/" for ::1 at 2021-11-18 16:54:15 -0500
Processing by StaticPagesController#index as HTML
  Rendering static_pages/index.html.erb within layouts/application
  Rendered shared/_main_nav.html.erb (0.2ms)
  Rendered shared/_masthead.html.erb (0.2ms)
  Rendered shared/_sections_nav.html.erb (0.1ms)
  Rendered shared/_search_modal.html.erb (0.2ms)
  Rendered shared/_main_content.html.erb (0.1ms)
  Rendered static_pages/index.html.erb within layouts/application (8.8ms)
Completed 200 OK in 54ms (Views: 52.4ms | ActiveRecord: 0.0ms)


Started GET "/assets/AA_Times_Logo.png" for ::1 at 2021-11-18 16:54:15 -0500
Started GET "/" for ::1 at 2021-11-18 16:56:39 -0500
Processing by StaticPagesController#index as HTML
  Rendering static_pages/index.html.erb within layouts/application
  Rendered shared/_main_nav.html.erb (0.2ms)
  Rendered shared/_masthead.html.erb (0.2ms)
  Rendered shared/_sections_nav.html.erb (0.2ms)
  Rendered shared/_search_modal.html.erb (0.1ms)
  Rendered shared/_main_content.html.erb (0.2ms)
  Rendered static_pages/index.html.erb within layouts/application (9.5ms)
Completed 200 OK in 74ms (Views: 71.8ms | ActiveRecord: 0.0ms)


Started GET "/assets/application.self-4ddcd0ecd19b88f2abf5ccc39eba66569adbc745d4078383fbec5ced9427003e.css?body=1" for ::1 at 2021-11-18 16:56:39 -0500
Started GET "/assets/AA_Times_Logo.png" for ::1 at 2021-11-18 16:56:39 -0500
Started GET "/" for ::1 at 2021-11-18 16:57:07 -0500
Processing by StaticPagesController#index as HTML
  Rendering static_pages/index.html.erb within layouts/application
  Rendered shared/_main_nav.html.erb (0.2ms)
  Rendered shared/_masthead.html.erb (0.2ms)
  Rendered shared/_sections_nav.html.erb (0.3ms)
  Rendered shared/_search_modal.html.erb (0.3ms)
  Rendered shared/_main_content.html.erb (0.5ms)
  Rendered static_pages/index.html.erb within layouts/application (11.6ms)
Completed 200 OK in 59ms (Views: 56.1ms | ActiveRecord: 0.0ms)


Started GET "/assets/application.self-d1a0a12200a3dc1c1e84b622a429b83ecc32d05787719f53a629c5923df421b3.css?body=1" for ::1 at 2021-11-18 16:57:07 -0500
Started GET "/assets/AA_Times_Logo.png" for ::1 at 2021-11-18 16:57:07 -0500
Started GET "/" for ::1 at 2021-11-18 17:00:03 -0500
Processing by StaticPagesController#index as HTML
  Rendering static_pages/index.html.erb within layouts/application
  Rendered shared/_main_nav.html.erb (0.2ms)
  Rendered shared/_masthead.html.erb (0.2ms)
  Rendered shared/_sections_nav.html.erb (0.2ms)
  Rendered shared/_search_modal.html.erb (0.3ms)
  Rendered shared/_main_content.html.erb (0.3ms)
  Rendered static_pages/index.html.erb within layouts/application (12.3ms)
Completed 200 OK in 83ms (Views: 80.4ms | ActiveRecord: 0.0ms)


Started GET "/assets/application.self-5a9bff75d208a8f969586663f599d67a1af76643e66b3a423c37be0d2327f822.css?body=1" for ::1 at 2021-11-18 17:00:03 -0500
Started GET "/assets/AA_Times_Logo.png" for ::1 at 2021-11-18 17:00:03 -0500
Started GET "/" for ::1 at 2021-11-18 17:00:15 -0500
Processing by StaticPagesController#index as HTML
  Rendering static_pages/index.html.erb within layouts/application
  Rendered shared/_main_nav.html.erb (0.2ms)
  Rendered shared/_masthead.html.erb (0.3ms)
  Rendered shared/_sections_nav.html.erb (0.3ms)
  Rendered shared/_search_modal.html.erb (0.2ms)
  Rendered shared/_main_content.html.erb (0.2ms)
  Rendered static_pages/index.html.erb within layouts/application (10.0ms)
Completed 200 OK in 54ms (Views: 52.0ms | ActiveRecord: 0.0ms)


Started GET "/assets/application.self-f4a81867ebd3cf20053027960446267938915caa00ca9d34c068a4ca649e5892.css?body=1" for ::1 at 2021-11-18 17:00:15 -0500
Started GET "/assets/AA_Times_Logo.png" for ::1 at 2021-11-18 17:00:15 -0500
Started GET "/" for ::1 at 2021-11-18 17:01:32 -0500
Processing by StaticPagesController#index as HTML
  Rendering static_pages/index.html.erb within layouts/application
  Rendered shared/_main_nav.html.erb (0.2ms)
  Rendered shared/_masthead.html.erb (0.2ms)
  Rendered shared/_sections_nav.html.erb (0.4ms)
  Rendered shared/_search_modal.html.erb (0.2ms)
  Rendered shared/_main_content.html.erb (0.2ms)
  Rendered static_pages/index.html.erb within layouts/application (10.8ms)
Completed 200 OK in 57ms (Views: 54.4ms | ActiveRecord: 0.0ms)


Started GET "/assets/application.self-426734b63ec095f813bb978d7131869e37a582f890633ef628521a75f5cceff5.css?body=1" for ::1 at 2021-11-18 17:01:32 -0500
Started GET "/assets/AA_Times_Logo.png" for ::1 at 2021-11-18 17:01:32 -0500
Started GET "/" for ::1 at 2021-11-18 17:01:41 -0500
Processing by StaticPagesController#index as HTML
  Rendering static_pages/index.html.erb within layouts/application
  Rendered shared/_main_nav.html.erb (0.2ms)
  Rendered shared/_masthead.html.erb (0.2ms)
  Rendered shared/_sections_nav.html.erb (0.2ms)
  Rendered shared/_search_modal.html.erb (0.1ms)
  Rendered shared/_main_content.html.erb (0.1ms)
  Rendered static_pages/index.html.erb within layouts/application (8.6ms)
Completed 200 OK in 56ms (Views: 53.8ms | ActiveRecord: 0.0ms)


Started GET "/assets/application.self-d52c53c7d3a40a922d63bdd79d0a63a8a66661900f04f76305a18ac2277ef958.css?body=1" for ::1 at 2021-11-18 17:01:41 -0500
Started GET "/assets/AA_Times_Logo.png" for ::1 at 2021-11-18 17:01:41 -0500
Started GET "/" for ::1 at 2021-11-18 17:02:13 -0500
Processing by StaticPagesController#index as HTML
  Rendering static_pages/index.html.erb within layouts/application
  Rendered shared/_main_nav.html.erb (0.3ms)
  Rendered shared/_masthead.html.erb (0.3ms)
  Rendered shared/_sections_nav.html.erb (0.2ms)
  Rendered shared/_search_modal.html.erb (0.1ms)
  Rendered shared/_main_content.html.erb (0.2ms)
  Rendered static_pages/index.html.erb within layouts/application (10.3ms)
Completed 200 OK in 53ms (Views: 51.2ms | ActiveRecord: 0.0ms)


Started GET "/assets/application.self-dfad5e2929d59d12cb0b96b784e242a1dd5f223165f092d9c367023a471a5745.css?body=1" for ::1 at 2021-11-18 17:02:13 -0500
Started GET "/assets/AA_Times_Logo.png" for ::1 at 2021-11-18 17:02:13 -0500
Started GET "/" for ::1 at 2021-11-18 17:02:21 -0500
Processing by StaticPagesController#index as HTML
  Rendering static_pages/index.html.erb within layouts/application
  Rendered shared/_main_nav.html.erb (0.3ms)
  Rendered shared/_masthead.html.erb (0.2ms)
  Rendered shared/_sections_nav.html.erb (0.1ms)
  Rendered shared/_search_modal.html.erb (0.2ms)
  Rendered shared/_main_content.html.erb (0.3ms)
  Rendered static_pages/index.html.erb within layouts/application (10.4ms)
Completed 200 OK in 56ms (Views: 53.2ms | ActiveRecord: 0.0ms)


Started GET "/assets/application.self-085d79d43e85935ca234d4ed74664bcf1e72f7ba436f543d471a37e9a5a04c79.css?body=1" for ::1 at 2021-11-18 17:02:21 -0500
Started GET "/assets/AA_Times_Logo.png" for ::1 at 2021-11-18 17:02:21 -0500
Started GET "/" for ::1 at 2021-11-18 17:02:45 -0500
Processing by StaticPagesController#index as HTML
  Rendering static_pages/index.html.erb within layouts/application
  Rendered shared/_main_nav.html.erb (0.2ms)
  Rendered shared/_masthead.html.erb (0.2ms)
  Rendered shared/_sections_nav.html.erb (0.2ms)
  Rendered shared/_search_modal.html.erb (0.1ms)
  Rendered shared/_main_content.html.erb (0.3ms)
  Rendered static_pages/index.html.erb within layouts/application (9.1ms)
Completed 200 OK in 58ms (Views: 55.6ms | ActiveRecord: 0.0ms)


Started GET "/assets/application.self-25e72df6311130e3c771db90b804c3e782ac0e7f189a810d92070387bac45e9e.css?body=1" for ::1 at 2021-11-18 17:02:45 -0500
Started GET "/assets/AA_Times_Logo.png" for ::1 at 2021-11-18 17:02:45 -0500
Started GET "/" for ::1 at 2021-11-18 17:02:57 -0500
Processing by StaticPagesController#index as HTML
  Rendering static_pages/index.html.erb within layouts/application
  Rendered shared/_main_nav.html.erb (0.2ms)
  Rendered shared/_masthead.html.erb (0.2ms)
  Rendered shared/_sections_nav.html.erb (0.1ms)
  Rendered shared/_search_modal.html.erb (0.1ms)
  Rendered shared/_main_content.html.erb (0.1ms)
  Rendered static_pages/index.html.erb within layouts/application (7.0ms)
Completed 200 OK in 53ms (Views: 51.8ms | ActiveRecord: 0.0ms)


Started GET "/assets/application.self-cdcb3b34e8c0759c88c2749dc77d37a6bd5e2edb029e8a2de0ad3877726f698e.css?body=1" for ::1 at 2021-11-18 17:02:57 -0500
Started GET "/assets/AA_Times_Logo.png" for ::1 at 2021-11-18 17:02:57 -0500
Started GET "/" for ::1 at 2021-11-18 17:03:18 -0500
Processing by StaticPagesController#index as HTML
  Rendering static_pages/index.html.erb within layouts/application
  Rendered shared/_main_nav.html.erb (0.3ms)
  Rendered shared/_masthead.html.erb (0.3ms)
  Rendered shared/_sections_nav.html.erb (0.3ms)
  Rendered shared/_search_modal.html.erb (0.2ms)
  Rendered shared/_main_content.html.erb (0.3ms)
  Rendered static_pages/index.html.erb within layouts/application (10.9ms)
Completed 200 OK in 57ms (Views: 54.2ms | ActiveRecord: 0.0ms)


Started GET "/assets/application.self-fe8677b0983c3244f1b136e0cc816728662a36ea0dc7635968e28c78c9bfd575.css?body=1" for ::1 at 2021-11-18 17:03:18 -0500
Started GET "/assets/AA_Times_Logo.png" for ::1 at 2021-11-18 17:03:18 -0500
Started GET "/" for ::1 at 2021-11-18 17:03:19 -0500
Processing by StaticPagesController#index as HTML
  Rendering static_pages/index.html.erb within layouts/application
  Rendered shared/_main_nav.html.erb (0.4ms)
  Rendered shared/_masthead.html.erb (0.5ms)
  Rendered shared/_sections_nav.html.erb (0.4ms)
  Rendered shared/_search_modal.html.erb (0.3ms)
  Rendered shared/_main_content.html.erb (0.2ms)
  Rendered static_pages/index.html.erb within layouts/application (18.3ms)
Completed 200 OK in 47ms (Views: 42.5ms | ActiveRecord: 0.0ms)


Started GET "/assets/AA_Times_Logo.png" for ::1 at 2021-11-18 17:03:19 -0500
Started GET "/" for ::1 at 2021-11-18 17:03:27 -0500
Processing by StaticPagesController#index as HTML
  Rendering static_pages/index.html.erb within layouts/application
  Rendered shared/_main_nav.html.erb (0.4ms)
  Rendered shared/_masthead.html.erb (0.2ms)
  Rendered shared/_sections_nav.html.erb (0.4ms)
  Rendered shared/_search_modal.html.erb (0.3ms)
  Rendered shared/_main_content.html.erb (0.2ms)
  Rendered static_pages/index.html.erb within layouts/application (10.2ms)
Completed 200 OK in 59ms (Views: 56.4ms | ActiveRecord: 0.0ms)


Started GET "/assets/application.self-4046f473198ddcddb8b9614d4efe3579315d7bbd99bc85fead4a912f7736d204.css?body=1" for ::1 at 2021-11-18 17:03:27 -0500
Started GET "/assets/AA_Times_Logo.png" for ::1 at 2021-11-18 17:03:27 -0500
Started GET "/" for ::1 at 2021-11-18 17:03:36 -0500
Processing by StaticPagesController#index as HTML
  Rendering static_pages/index.html.erb within layouts/application
  Rendered shared/_main_nav.html.erb (0.5ms)
  Rendered shared/_masthead.html.erb (0.3ms)
  Rendered shared/_sections_nav.html.erb (0.2ms)
  Rendered shared/_search_modal.html.erb (0.1ms)
  Rendered shared/_main_content.html.erb (0.1ms)
  Rendered static_pages/index.html.erb within layouts/application (10.0ms)
Completed 200 OK in 53ms (Views: 51.3ms | ActiveRecord: 0.0ms)


Started GET "/assets/application.self-d104ceb8696b98f44948d3017a93be22a91ccfd6df3f7b96b8f68fd59e6fb298.css?body=1" for ::1 at 2021-11-18 17:03:36 -0500
Started GET "/assets/AA_Times_Logo.png" for ::1 at 2021-11-18 17:03:36 -0500
Started GET "/" for ::1 at 2021-11-18 17:04:06 -0500
Processing by StaticPagesController#index as HTML
  Rendering static_pages/index.html.erb within layouts/application
  Rendered shared/_main_nav.html.erb (0.3ms)
  Rendered shared/_masthead.html.erb (0.2ms)
  Rendered shared/_sections_nav.html.erb (0.1ms)
  Rendered shared/_search_modal.html.erb (0.1ms)
  Rendered shared/_main_content.html.erb (0.3ms)
  Rendered static_pages/index.html.erb within layouts/application (9.2ms)
Completed 200 OK in 72ms (Views: 69.0ms | ActiveRecord: 0.0ms)


Started GET "/assets/application.self-32f3d42c6b3aa6c2b2eaec5340fc0fc1198a6fabecacf862673501add41b247f.css?body=1" for ::1 at 2021-11-18 17:04:06 -0500
Started GET "/assets/AA_Times_Logo.png" for ::1 at 2021-11-18 17:04:06 -0500
